;  LST file generated by mikroListExporter - v.2.0 
; Date/Time: 5/18/2023 9:36:04 PM
;----------------------------------------------

;Address Opcode 	ASM
0x0000	0xF005EFD2  	GOTO        2980
0x0004	0x0000      	NOP
0x0006	0x0000      	NOP
0x0008	0xF000EF00  	GOTO        0
0x000C	0x0000      	NOP
0x000E	0x0000      	NOP
0x0010	0x0000      	NOP
0x0012	0x0000      	NOP
0x0014	0x0000      	NOP
0x0016	0x0000      	NOP
0x0018	0xD7F3      	BRA         0
_SETFUN32:
;__Lib_MathDouble.c,144 :: 		
;__Lib_MathDouble.c,152 :: 		
0x001C	0x840B      	BSF         R11, 2, 0
;__Lib_MathDouble.c,153 :: 		
0x001E	0xAE0B      	BTFSS       R11, 7, 0
;__Lib_MathDouble.c,154 :: 		
0x0020	0xF000EF19  	GOTO        SETFUN32EEE
;__Lib_MathDouble.c,156 :: 		
0x0024	0x0E01      	MOVLW       1
;__Lib_MathDouble.c,157 :: 		
0x0026	0x6E03      	MOVWF       R3, 0
;__Lib_MathDouble.c,158 :: 		
0x0028	0x6A02      	CLRF        R2, 0
;__Lib_MathDouble.c,159 :: 		
0x002A	0x6A01      	CLRF        R1, 0
;__Lib_MathDouble.c,160 :: 		
0x002C	0x6A00      	CLRF        R0, 0
;__Lib_MathDouble.c,161 :: 		
0x002E	0x360A      	RLCF        R10, 1, 0
;__Lib_MathDouble.c,162 :: 		
0x0030	0x3202      	RRCF        R2, 1, 0
;__Lib_MathDouble.c,163 :: 		
SETFUN32EEE:
;__Lib_MathDouble.c,164 :: 		
0x0032	0x0EFF      	MOVLW       255
;__Lib_MathDouble.c,166 :: 		
L_end_SETFUN32:
0x0034	0x0012      	RETURN      0
; end of _SETFUN32
_FIXSIGN32:
;__Lib_MathDouble.c,117 :: 		
;__Lib_MathDouble.c,121 :: 		
0x0036	0xAE0A      	BTFSS       R10, 7, 0
;__Lib_MathDouble.c,122 :: 		
0x0038	0x9E02      	BCF         R2, 7, 0
;__Lib_MathDouble.c,123 :: 		
0x003A	0x0E00      	MOVLW       0
;__Lib_MathDouble.c,125 :: 		
L_end_FIXSIGN32:
0x003C	0x0012      	RETURN      0
; end of _FIXSIGN32
_SETFOV32:
;__Lib_MathDouble.c,82 :: 		
;__Lib_MathDouble.c,90 :: 		
0x003E	0x820B      	BSF         R11, 1, 0
;__Lib_MathDouble.c,91 :: 		
0x0040	0xAE0B      	BTFSS       R11, 7, 0
;__Lib_MathDouble.c,92 :: 		
0x0042	0xF000EF29  	GOTO        SETFOV32EEE
;__Lib_MathDouble.c,94 :: 		
0x0046	0x6803      	SETF        R3, 0
;__Lib_MathDouble.c,95 :: 		
0x0048	0x6802      	SETF        R2, 0
;__Lib_MathDouble.c,96 :: 		
0x004A	0x6801      	SETF        R1, 0
;__Lib_MathDouble.c,97 :: 		
0x004C	0x6800      	SETF        R0, 0
;__Lib_MathDouble.c,98 :: 		
0x004E	0x360A      	RLCF        R10, 1, 0
;__Lib_MathDouble.c,99 :: 		
0x0050	0x3202      	RRCF        R2, 1, 0
;__Lib_MathDouble.c,100 :: 		
SETFOV32EEE:
;__Lib_MathDouble.c,101 :: 		
0x0052	0x0EFF      	MOVLW       255
;__Lib_MathDouble.c,103 :: 		
L_end_SETFOV32:
0x0054	0x0012      	RETURN      0
; end of _SETFOV32
_RES032:
;__Lib_MathDouble.c,128 :: 		
;__Lib_MathDouble.c,134 :: 		
0x0056	0x6A02      	CLRF        R2, 0
;__Lib_MathDouble.c,135 :: 		
0x0058	0x6A01      	CLRF        R1, 0
;__Lib_MathDouble.c,136 :: 		
0x005A	0x6A00      	CLRF        R0, 0
;__Lib_MathDouble.c,137 :: 		
0x005C	0x6A08      	CLRF        R8, 0
;__Lib_MathDouble.c,138 :: 		
0x005E	0x6A03      	CLRF        R3, 0
;__Lib_MathDouble.c,139 :: 		
0x0060	0x0E00      	MOVLW       0
;__Lib_MathDouble.c,141 :: 		
L_end_RES032:
0x0062	0x0012      	RETURN      0
; end of _RES032
_Mul_32x32_FP:
;__Lib_MathDouble.c,1130 :: 		
;__Lib_MathDouble.c,1148 :: 		
0x0064	0x6A08      	CLRF        R8, 0
;__Lib_MathDouble.c,1149 :: 		
0x0066	0x6A09      	CLRF        R9, 0
;__Lib_MathDouble.c,1151 :: 		
0x0068	0x0E00      	MOVLW       0
;__Lib_MathDouble.c,1152 :: 		
0x006A	0x6207      	CPFSEQ      R7, 0
;__Lib_MathDouble.c,1153 :: 		
0x006C	0x6403      	CPFSGT      R3, 0
;__Lib_MathDouble.c,1154 :: 		
0x006E	0xF000EFB7  	GOTO        MULJPRES032
;__Lib_MathDouble.c,1157 :: 		
0x0072	0x5002      	MOVF        R2, 0, 0
;__Lib_MathDouble.c,1158 :: 		
0x0074	0x1806      	XORWF       R6, 0, 0
;__Lib_MathDouble.c,1159 :: 		
0x0076	0x6E0A      	MOVWF       R10, 0
;__Lib_MathDouble.c,1161 :: 		
0x0078	0x5007      	MOVF        R7, 0, 0
;__Lib_MathDouble.c,1162 :: 		
0x007A	0x2603      	ADDWF       R3, 1, 0
;__Lib_MathDouble.c,1163 :: 		
0x007C	0x0E7E      	MOVLW       126
;__Lib_MathDouble.c,1164 :: 		
0x007E	0xA0D8      	BTFSS       STATUS, 0, 0
;__Lib_MathDouble.c,1165 :: 		
0x0080	0xF000EF48  	GOTO        MTUN32
;__Lib_MathDouble.c,1167 :: 		
0x0084	0x5E03      	SUBWF       R3, 1, 0
;__Lib_MathDouble.c,1168 :: 		
0x0086	0xB0D8      	BTFSC       STATUS, 0, 0
;__Lib_MathDouble.c,1169 :: 		
0x0088	0xF000EFBB  	GOTO        MULJPSETFOV32
;__Lib_MathDouble.c,1170 :: 		
0x008C	0xF000EF4C  	GOTO        MOK32
;__Lib_MathDouble.c,1172 :: 		
MTUN32:
;__Lib_MathDouble.c,1173 :: 		
0x0090	0x5E03      	SUBWF       R3, 1, 0
;__Lib_MathDouble.c,1174 :: 		
0x0092	0xA0D8      	BTFSS       STATUS, 0, 0
;__Lib_MathDouble.c,1175 :: 		
0x0094	0xF000EFBF  	GOTO        MULJPSETFUN32
;__Lib_MathDouble.c,1177 :: 		
MOK32:
;__Lib_MathDouble.c,1178 :: 		
0x0098	0x8E02      	BSF         R2, 7, 0
;__Lib_MathDouble.c,1179 :: 		
0x009A	0x8E06      	BSF         R6, 7, 0
;__Lib_MathDouble.c,1181 :: 		
0x009C	0xF00EC002  	MOVFF       R2, R14
;__Lib_MathDouble.c,1182 :: 		
0x00A0	0xF00BC001  	MOVFF       R1, R11
;__Lib_MathDouble.c,1183 :: 		
0x00A4	0xF00DC000  	MOVFF       R0, R13
;__Lib_MathDouble.c,1185 :: 		
0x00A8	0x5000      	MOVF        R0, 0, 0
;__Lib_MathDouble.c,1186 :: 		
0x00AA	0x0204      	MULWF       R4, 0
;__Lib_MathDouble.c,1187 :: 		
0x00AC	0xF00CCFF4  	MOVFF       PRODH, R12
;__Lib_MathDouble.c,1189 :: 		
0x00B0	0x5001      	MOVF        R1, 0, 0
;__Lib_MathDouble.c,1190 :: 		
0x00B2	0x0205      	MULWF       R5, 0
;__Lib_MathDouble.c,1191 :: 		
0x00B4	0xF000CFF4  	MOVFF       PRODH, R0
;__Lib_MathDouble.c,1192 :: 		
0x00B8	0xF008CFF3  	MOVFF       PRODL, R8
;__Lib_MathDouble.c,1194 :: 		
0x00BC	0x0204      	MULWF       R4, 0
;__Lib_MathDouble.c,1195 :: 		
0x00BE	0x50F3      	MOVF        PRODL, 0, 0
;__Lib_MathDouble.c,1196 :: 		
0x00C0	0x260C      	ADDWF       R12, 1, 0
;__Lib_MathDouble.c,1197 :: 		
0x00C2	0x50F4      	MOVF        PRODH, 0, 0
;__Lib_MathDouble.c,1198 :: 		
0x00C4	0x2208      	ADDWFC      R8, 1, 0
;__Lib_MathDouble.c,1199 :: 		
0x00C6	0x0E00      	MOVLW       0
;__Lib_MathDouble.c,1200 :: 		
0x00C8	0x2200      	ADDWFC      R0, 1, 0
;__Lib_MathDouble.c,1202 :: 		
0x00CA	0x500D      	MOVF        R13, 0, 0
;__Lib_MathDouble.c,1203 :: 		
0x00CC	0x0205      	MULWF       R5, 0
;__Lib_MathDouble.c,1204 :: 		
0x00CE	0x50F3      	MOVF        PRODL, 0, 0
;__Lib_MathDouble.c,1205 :: 		
0x00D0	0x260C      	ADDWF       R12, 1, 0
;__Lib_MathDouble.c,1206 :: 		
0x00D2	0x50F4      	MOVF        PRODH, 0, 0
;__Lib_MathDouble.c,1207 :: 		
0x00D4	0x2208      	ADDWFC      R8, 1, 0
;__Lib_MathDouble.c,1208 :: 		
0x00D6	0x0E00      	MOVLW       0
;__Lib_MathDouble.c,1209 :: 		
0x00D8	0x2200      	ADDWFC      R0, 1, 0
;__Lib_MathDouble.c,1211 :: 		
0x00DA	0x5002      	MOVF        R2, 0, 0
;__Lib_MathDouble.c,1212 :: 		
0x00DC	0x0204      	MULWF       R4, 0
;__Lib_MathDouble.c,1213 :: 		
0x00DE	0x50F3      	MOVF        PRODL, 0, 0
;__Lib_MathDouble.c,1214 :: 		
0x00E0	0x2608      	ADDWF       R8, 1, 0
;__Lib_MathDouble.c,1215 :: 		
0x00E2	0x50F4      	MOVF        PRODH, 0, 0
;__Lib_MathDouble.c,1216 :: 		
0x00E4	0x2200      	ADDWFC      R0, 1, 0
;__Lib_MathDouble.c,1217 :: 		
0x00E6	0x5002      	MOVF        R2, 0, 0
;__Lib_MathDouble.c,1218 :: 		
0x00E8	0x0205      	MULWF       R5, 0
;__Lib_MathDouble.c,1219 :: 		
0x00EA	0x6A01      	CLRF        R1, 0
;__Lib_MathDouble.c,1220 :: 		
0x00EC	0x0E00      	MOVLW       0
;__Lib_MathDouble.c,1221 :: 		
0x00EE	0x2201      	ADDWFC      R1, 1, 0
;__Lib_MathDouble.c,1222 :: 		
0x00F0	0x50F3      	MOVF        PRODL, 0, 0
;__Lib_MathDouble.c,1223 :: 		
0x00F2	0x2600      	ADDWF       R0, 1, 0
;__Lib_MathDouble.c,1224 :: 		
0x00F4	0x50F4      	MOVF        PRODH, 0, 0
;__Lib_MathDouble.c,1225 :: 		
0x00F6	0x2201      	ADDWFC      R1, 1, 0
;__Lib_MathDouble.c,1227 :: 		
0x00F8	0x500D      	MOVF        R13, 0, 0
;__Lib_MathDouble.c,1228 :: 		
0x00FA	0x0206      	MULWF       R6, 0
;__Lib_MathDouble.c,1229 :: 		
0x00FC	0x50F3      	MOVF        PRODL, 0, 0
;__Lib_MathDouble.c,1230 :: 		
0x00FE	0x2608      	ADDWF       R8, 1, 0
;__Lib_MathDouble.c,1231 :: 		
0x0100	0x50F4      	MOVF        PRODH, 0, 0
;__Lib_MathDouble.c,1232 :: 		
0x0102	0x2200      	ADDWFC      R0, 1, 0
;__Lib_MathDouble.c,1233 :: 		
0x0104	0x6A02      	CLRF        R2, 0
;__Lib_MathDouble.c,1234 :: 		
0x0106	0x0E00      	MOVLW       0
;__Lib_MathDouble.c,1235 :: 		
0x0108	0x2201      	ADDWFC      R1, 1, 0
;__Lib_MathDouble.c,1236 :: 		
0x010A	0x2202      	ADDWFC      R2, 1, 0
;__Lib_MathDouble.c,1238 :: 		
0x010C	0x500B      	MOVF        R11, 0, 0
;__Lib_MathDouble.c,1239 :: 		
0x010E	0x0206      	MULWF       R6, 0
;__Lib_MathDouble.c,1240 :: 		
0x0110	0x50F3      	MOVF        PRODL, 0, 0
;__Lib_MathDouble.c,1241 :: 		
0x0112	0x2600      	ADDWF       R0, 1, 0
;__Lib_MathDouble.c,1242 :: 		
0x0114	0x50F4      	MOVF        PRODH, 0, 0
;__Lib_MathDouble.c,1243 :: 		
0x0116	0x2201      	ADDWFC      R1, 1, 0
;__Lib_MathDouble.c,1244 :: 		
0x0118	0x0E00      	MOVLW       0
;__Lib_MathDouble.c,1245 :: 		
0x011A	0x2202      	ADDWFC      R2, 1, 0
;__Lib_MathDouble.c,1247 :: 		
0x011C	0x500E      	MOVF        R14, 0, 0
;__Lib_MathDouble.c,1248 :: 		
0x011E	0x0206      	MULWF       R6, 0
;__Lib_MathDouble.c,1249 :: 		
0x0120	0x50F3      	MOVF        PRODL, 0, 0
;__Lib_MathDouble.c,1250 :: 		
0x0122	0x2601      	ADDWF       R1, 1, 0
;__Lib_MathDouble.c,1251 :: 		
0x0124	0x50F4      	MOVF        PRODH, 0, 0
;__Lib_MathDouble.c,1252 :: 		
0x0126	0x2202      	ADDWFC      R2, 1, 0
;__Lib_MathDouble.c,1254 :: 		
0x0128	0xBE02      	BTFSC       R2, 7, 0
;__Lib_MathDouble.c,1255 :: 		
0x012A	0xF000EF9F  	GOTO        MROUND32
;__Lib_MathDouble.c,1256 :: 		
0x012E	0x3608      	RLCF        R8, 1, 0
;__Lib_MathDouble.c,1257 :: 		
0x0130	0x3600      	RLCF        R0, 1, 0
;__Lib_MathDouble.c,1258 :: 		
0x0132	0x3601      	RLCF        R1, 1, 0
;__Lib_MathDouble.c,1259 :: 		
0x0134	0x3602      	RLCF        R2, 1, 0
;__Lib_MathDouble.c,1260 :: 		
0x0136	0x0603      	DECF        R3, 1, 0
;__Lib_MathDouble.c,1261 :: 		
0x0138	0xB4D8      	BTFSC       STATUS, 2, 0
;__Lib_MathDouble.c,1262 :: 		
0x013A	0xF000EFBF  	GOTO        MULJPSETFUN32
;__Lib_MathDouble.c,1264 :: 		
MROUND32:
;__Lib_MathDouble.c,1267 :: 		
0x013E	0xF000EFB2  	GOTO        MUL32OK
;__Lib_MathDouble.c,1268 :: 		
0x0142	0x80D8      	BSF         STATUS, 0, 0
;__Lib_MathDouble.c,1269 :: 		
0x0144	0x0E80      	MOVLW       128
;__Lib_MathDouble.c,1270 :: 		
0x0146	0x6408      	CPFSGT      R8, 0
;__Lib_MathDouble.c,1271 :: 		
0x0148	0x3000      	RRCF        R0, 0, 0
;__Lib_MathDouble.c,1272 :: 		
0x014A	0x0E00      	MOVLW       0
;__Lib_MathDouble.c,1273 :: 		
0x014C	0x2200      	ADDWFC      R0, 1, 0
;__Lib_MathDouble.c,1274 :: 		
0x014E	0x2201      	ADDWFC      R1, 1, 0
;__Lib_MathDouble.c,1275 :: 		
0x0150	0x2202      	ADDWFC      R2, 1, 0
;__Lib_MathDouble.c,1277 :: 		
0x0152	0xA0D8      	BTFSS       STATUS, 0, 0
;__Lib_MathDouble.c,1278 :: 		
0x0154	0xF000EFB2  	GOTO        MUL32OK
;__Lib_MathDouble.c,1279 :: 		
0x0158	0x3202      	RRCF        R2, 1, 0
;__Lib_MathDouble.c,1280 :: 		
0x015A	0x3201      	RRCF        R1, 1, 0
;__Lib_MathDouble.c,1281 :: 		
0x015C	0x3200      	RRCF        R0, 1, 0
;__Lib_MathDouble.c,1282 :: 		
0x015E	0x4A03      	INFSNZ      R3, 1, 0
;__Lib_MathDouble.c,1283 :: 		
0x0160	0xF000EFBB  	GOTO        MULJPSETFOV32
;__Lib_MathDouble.c,1285 :: 		
MUL32OK:
;__Lib_MathDouble.c,1286 :: 		
0x0164	0xAE0A      	BTFSS       R10, 7, 0
;__Lib_MathDouble.c,1287 :: 		
0x0166	0x9E02      	BCF         R2, 7, 0
;__Lib_MathDouble.c,1289 :: 		
0x0168	0x0E00      	MOVLW       0
;__Lib_MathDouble.c,1290 :: 		
0x016A	0xF000EFC1  	GOTO        MULEEE
;__Lib_MathDouble.c,1291 :: 		
MULJPRES032:
;__Lib_MathDouble.c,1292 :: 		
0x016E	0x0E01      	MOVLW       1
;__Lib_MathDouble.c,1295 :: 		
0x0170	0xDF72      	RCALL       _RES032
;__Lib_MathDouble.c,1297 :: 		
0x0172	0xF000EFC1  	GOTO        MULEEE
;__Lib_MathDouble.c,1298 :: 		
MULJPSETFOV32:
;__Lib_MathDouble.c,1299 :: 		
0x0176	0x0E02      	MOVLW       2
;__Lib_MathDouble.c,1302 :: 		
0x0178	0xDF62      	RCALL       _SETFOV32
;__Lib_MathDouble.c,1304 :: 		
0x017A	0xF000EFC1  	GOTO        MULEEE
;__Lib_MathDouble.c,1305 :: 		
MULJPSETFUN32:
;__Lib_MathDouble.c,1306 :: 		
0x017E	0x0E04      	MOVLW       4
;__Lib_MathDouble.c,1309 :: 		
0x0180	0xDF4D      	RCALL       _SETFUN32
;__Lib_MathDouble.c,1311 :: 		
MULEEE:
;__Lib_MathDouble.c,1318 :: 		
L_end_Mul_32x32_FP:
0x0182	0x0012      	RETURN      0
; end of _Mul_32x32_FP
_Compare_Double:
;__Lib_MathDouble.c,2518 :: 		
;__Lib_MathDouble.c,2529 :: 		
0x0184	0x6A0A      	CLRF        R10, 0
;__Lib_MathDouble.c,2530 :: 		
0x0186	0x5003      	MOVF        R3, 0, 0
;__Lib_MathDouble.c,2531 :: 		
0x0188	0xA4D8      	BTFSS       STATUS, 2, 0
;__Lib_MathDouble.c,2532 :: 		
0x018A	0x800A      	BSF         R10, 0, 0
;__Lib_MathDouble.c,2533 :: 		
0x018C	0x5007      	MOVF        R7, 0, 0
;__Lib_MathDouble.c,2534 :: 		
0x018E	0xA4D8      	BTFSS       STATUS, 2, 0
;__Lib_MathDouble.c,2535 :: 		
0x0190	0x820A      	BSF         R10, 1, 0
;__Lib_MathDouble.c,2537 :: 		
0x0192	0x500A      	MOVF        R10, 0, 0
;__Lib_MathDouble.c,2538 :: 		
0x0194	0xB4D8      	BTFSC       STATUS, 2, 0
;__Lib_MathDouble.c,2539 :: 		
0x0196	0xF001EF25  	GOTO        COMPARE_EQU
;__Lib_MathDouble.c,2540 :: 		
0x019A	0x0A03      	XORLW       3
;__Lib_MathDouble.c,2541 :: 		
0x019C	0xB4D8      	BTFSC       STATUS, 2, 0
;__Lib_MathDouble.c,2542 :: 		
0x019E	0xF000EFDE  	GOTO        COMPARE_NOTZERO
;__Lib_MathDouble.c,2544 :: 		
0x01A2	0xB00A      	BTFSC       R10, 0, 0
;__Lib_MathDouble.c,2545 :: 		
0x01A4	0xF000EFD9  	GOTO        COMPARE_XNOTZERO
;__Lib_MathDouble.c,2547 :: 		
0x01A8	0xAE06      	BTFSS       R6, 7, 0
;__Lib_MathDouble.c,2548 :: 		
0x01AA	0xF001EF23  	GOTO        COMPARE_LT
;__Lib_MathDouble.c,2549 :: 		
0x01AE	0xF001EF21  	GOTO        COMPARE_GT
;__Lib_MathDouble.c,2550 :: 		
COMPARE_XNOTZERO:
;__Lib_MathDouble.c,2551 :: 		
0x01B2	0xAE02      	BTFSS       R2, 7, 0
;__Lib_MathDouble.c,2552 :: 		
0x01B4	0xF001EF21  	GOTO        COMPARE_GT
;__Lib_MathDouble.c,2553 :: 		
0x01B8	0xF001EF23  	GOTO        COMPARE_LT
;__Lib_MathDouble.c,2555 :: 		
COMPARE_NOTZERO:
;__Lib_MathDouble.c,2556 :: 		
0x01BC	0x5002      	MOVF        R2, 0, 0
;__Lib_MathDouble.c,2557 :: 		
0x01BE	0x0B80      	ANDLW       128
;__Lib_MathDouble.c,2558 :: 		
0x01C0	0x6E0A      	MOVWF       R10, 0
;__Lib_MathDouble.c,2559 :: 		
0x01C2	0x9E02      	BCF         R2, 7, 0
;__Lib_MathDouble.c,2561 :: 		
0x01C4	0x5006      	MOVF        R6, 0, 0
;__Lib_MathDouble.c,2562 :: 		
0x01C6	0x0B80      	ANDLW       128
;__Lib_MathDouble.c,2563 :: 		
0x01C8	0x9E06      	BCF         R6, 7, 0
;__Lib_MathDouble.c,2565 :: 		
0x01CA	0x180A      	XORWF       R10, 0, 0
;__Lib_MathDouble.c,2566 :: 		
0x01CC	0xB4D8      	BTFSC       STATUS, 2, 0
;__Lib_MathDouble.c,2567 :: 		
0x01CE	0xF000EFEF  	GOTO        COMPARE_TESTALL
;__Lib_MathDouble.c,2569 :: 		
0x01D2	0x500A      	MOVF        R10, 0, 0
;__Lib_MathDouble.c,2570 :: 		
0x01D4	0xB4D8      	BTFSC       STATUS, 2, 0
;__Lib_MathDouble.c,2571 :: 		
0x01D6	0xF001EF21  	GOTO        COMPARE_GT
;__Lib_MathDouble.c,2572 :: 		
0x01DA	0xF001EF23  	GOTO        COMPARE_LT
;__Lib_MathDouble.c,2574 :: 		
COMPARE_TESTALL:
;__Lib_MathDouble.c,2575 :: 		
0x01DE	0x5007      	MOVF        R7, 0, 0
;__Lib_MathDouble.c,2576 :: 		
0x01E0	0x5C03      	SUBWF       R3, 0, 0
;__Lib_MathDouble.c,2577 :: 		
0x01E2	0xB4D8      	BTFSC       STATUS, 2, 0
;__Lib_MathDouble.c,2578 :: 		
0x01E4	0xF000EFF9  	GOTO        COMPARE_C1
;__Lib_MathDouble.c,2579 :: 		
0x01E8	0xA0D8      	BTFSS       STATUS, 0, 0
;__Lib_MathDouble.c,2580 :: 		
0x01EA	0xF001EF15  	GOTO        GT_FALSE
;__Lib_MathDouble.c,2581 :: 		
0x01EE	0xF001EF1B  	GOTO        GT_TRUE
;__Lib_MathDouble.c,2582 :: 		
COMPARE_C1:
;__Lib_MathDouble.c,2583 :: 		
0x01F2	0x5006      	MOVF        R6, 0, 0
;__Lib_MathDouble.c,2584 :: 		
0x01F4	0x5C02      	SUBWF       R2, 0, 0
;__Lib_MathDouble.c,2585 :: 		
0x01F6	0xB4D8      	BTFSC       STATUS, 2, 0
;__Lib_MathDouble.c,2586 :: 		
0x01F8	0xF001EF03  	GOTO        COMPARE_C2
;__Lib_MathDouble.c,2587 :: 		
0x01FC	0xA0D8      	BTFSS       STATUS, 0, 0
;__Lib_MathDouble.c,2588 :: 		
0x01FE	0xF001EF15  	GOTO        GT_FALSE
;__Lib_MathDouble.c,2589 :: 		
0x0202	0xF001EF1B  	GOTO        GT_TRUE
;__Lib_MathDouble.c,2590 :: 		
COMPARE_C2:
;__Lib_MathDouble.c,2591 :: 		
0x0206	0x5005      	MOVF        R5, 0, 0
;__Lib_MathDouble.c,2592 :: 		
0x0208	0x5C01      	SUBWF       R1, 0, 0
;__Lib_MathDouble.c,2593 :: 		
0x020A	0xB4D8      	BTFSC       STATUS, 2, 0
;__Lib_MathDouble.c,2594 :: 		
0x020C	0xF001EF0D  	GOTO        COMPARE_C3
;__Lib_MathDouble.c,2595 :: 		
0x0210	0xA0D8      	BTFSS       STATUS, 0, 0
;__Lib_MathDouble.c,2596 :: 		
0x0212	0xF001EF15  	GOTO        GT_FALSE
;__Lib_MathDouble.c,2597 :: 		
0x0216	0xF001EF1B  	GOTO        GT_TRUE
;__Lib_MathDouble.c,2598 :: 		
COMPARE_C3:
;__Lib_MathDouble.c,2599 :: 		
0x021A	0x5004      	MOVF        R4, 0, 0
;__Lib_MathDouble.c,2600 :: 		
0x021C	0x5C00      	SUBWF       R0, 0, 0
;__Lib_MathDouble.c,2601 :: 		
0x021E	0xB4D8      	BTFSC       STATUS, 2, 0
;__Lib_MathDouble.c,2602 :: 		
0x0220	0xF001EF25  	GOTO        COMPARE_EQU
;__Lib_MathDouble.c,2603 :: 		
0x0224	0xB0D8      	BTFSC       STATUS, 0, 0
;__Lib_MathDouble.c,2604 :: 		
0x0226	0xF001EF1B  	GOTO        GT_TRUE
;__Lib_MathDouble.c,2606 :: 		
GT_FALSE:
;__Lib_MathDouble.c,2607 :: 		
0x022A	0x520A      	MOVF        R10, 1, 0
;__Lib_MathDouble.c,2608 :: 		
0x022C	0xB4D8      	BTFSC       STATUS, 2, 0
;__Lib_MathDouble.c,2609 :: 		
0x022E	0xF001EF23  	GOTO        COMPARE_LT
;__Lib_MathDouble.c,2610 :: 		
0x0232	0xF001EF21  	GOTO        COMPARE_GT
;__Lib_MathDouble.c,2611 :: 		
GT_TRUE:
;__Lib_MathDouble.c,2612 :: 		
0x0236	0x520A      	MOVF        R10, 1, 0
;__Lib_MathDouble.c,2613 :: 		
0x0238	0xB4D8      	BTFSC       STATUS, 2, 0
;__Lib_MathDouble.c,2614 :: 		
0x023A	0xF001EF21  	GOTO        COMPARE_GT
;__Lib_MathDouble.c,2615 :: 		
0x023E	0xF001EF23  	GOTO        COMPARE_LT
;__Lib_MathDouble.c,2617 :: 		
COMPARE_GT:
;__Lib_MathDouble.c,2620 :: 		
0x0242	0x80D8      	BSF         STATUS, 0, 0
;__Lib_MathDouble.c,2621 :: 		
0x0244	0x0012      	RETURN      0
;__Lib_MathDouble.c,2622 :: 		
COMPARE_LT:
;__Lib_MathDouble.c,2625 :: 		
0x0246	0x90D8      	BCF         STATUS, 0, 0
;__Lib_MathDouble.c,2626 :: 		
0x0248	0x0012      	RETURN      0
;__Lib_MathDouble.c,2627 :: 		
COMPARE_EQU:
;__Lib_MathDouble.c,2630 :: 		
0x024A	0x80D8      	BSF         STATUS, 0, 0
;__Lib_MathDouble.c,2631 :: 		
0x024C	0x84D8      	BSF         STATUS, 2, 0
;__Lib_MathDouble.c,2632 :: 		
0x024E	0x0012      	RETURN      0
;__Lib_MathDouble.c,2634 :: 		
L_end_Compare_Double:
0x0250	0x0012      	RETURN      0
; end of _Compare_Double
_NRM3232:
;__Lib_MathDouble.c,455 :: 		
;__Lib_MathDouble.c,463 :: 		
0x0252	0x6A0C      	CLRF        R12, 0
;__Lib_MathDouble.c,464 :: 		
0x0254	0x6A0E      	CLRF        R14, 0
;__Lib_MathDouble.c,465 :: 		
0x0256	0x5002      	MOVF        R2, 0, 0
;__Lib_MathDouble.c,466 :: 		
0x0258	0xA4D8      	BTFSS       STATUS, 2, 0
;__Lib_MathDouble.c,467 :: 		
0x025A	0xF001EF42  	GOTO        NORM3232
;__Lib_MathDouble.c,468 :: 		
0x025E	0xF002C001  	MOVFF       R1, R2
;__Lib_MathDouble.c,469 :: 		
0x0262	0xF001C000  	MOVFF       R0, R1
;__Lib_MathDouble.c,470 :: 		
0x0266	0x6A00      	CLRF        R0, 0
;__Lib_MathDouble.c,471 :: 		
0x0268	0x860E      	BSF         R14, 3, 0
;__Lib_MathDouble.c,473 :: 		
0x026A	0x5002      	MOVF        R2, 0, 0
;__Lib_MathDouble.c,474 :: 		
0x026C	0xA4D8      	BTFSS       STATUS, 2, 0
;__Lib_MathDouble.c,475 :: 		
0x026E	0xF001EF42  	GOTO        NORM3232
;__Lib_MathDouble.c,476 :: 		
0x0272	0xF002C001  	MOVFF       R1, R2
;__Lib_MathDouble.c,477 :: 		
0x0276	0x6A01      	CLRF        R1, 0
;__Lib_MathDouble.c,478 :: 		
0x0278	0x960E      	BCF         R14, 3, 0
;__Lib_MathDouble.c,479 :: 		
0x027A	0x880E      	BSF         R14, 4, 0
;__Lib_MathDouble.c,481 :: 		
0x027C	0x5002      	MOVF        R2, 0, 0
;__Lib_MathDouble.c,482 :: 		
0x027E	0xB4D8      	BTFSC       STATUS, 2, 0
;__Lib_MathDouble.c,483 :: 		
0x0280	0xF001EF54  	GOTO        JPNRES032
;__Lib_MathDouble.c,484 :: 		
NORM3232:
;__Lib_MathDouble.c,485 :: 		
0x0284	0x500E      	MOVF        R14, 0, 0
;__Lib_MathDouble.c,486 :: 		
0x0286	0x5E03      	SUBWF       R3, 1, 0
;__Lib_MathDouble.c,487 :: 		
0x0288	0xA4D8      	BTFSS       STATUS, 2, 0
;__Lib_MathDouble.c,488 :: 		
0x028A	0xA0D8      	BTFSS       STATUS, 0, 0
;__Lib_MathDouble.c,489 :: 		
0x028C	0xF001EF59  	GOTO        JPNSETFUN32
;__Lib_MathDouble.c,490 :: 		
0x0290	0x90D8      	BCF         STATUS, 0, 0
;__Lib_MathDouble.c,491 :: 		
NORM3232A:
;__Lib_MathDouble.c,492 :: 		
0x0292	0xBE02      	BTFSC       R2, 7, 0
;__Lib_MathDouble.c,493 :: 		
0x0294	0xF001EF5E  	GOTO        JMPNFIXSIGN32
;__Lib_MathDouble.c,494 :: 		
0x0298	0x3600      	RLCF        R0, 1, 0
;__Lib_MathDouble.c,495 :: 		
0x029A	0x3601      	RLCF        R1, 1, 0
;__Lib_MathDouble.c,496 :: 		
0x029C	0x3602      	RLCF        R2, 1, 0
;__Lib_MathDouble.c,497 :: 		
0x029E	0x2E03      	DECFSZ      R3, 1, 0
;__Lib_MathDouble.c,498 :: 		
0x02A0	0xF001EF49  	GOTO        NORM3232A
;__Lib_MathDouble.c,499 :: 		
0x02A4	0xF001EF59  	GOTO        JPNSETFUN32
;__Lib_MathDouble.c,500 :: 		
JPNRES032:
;__Lib_MathDouble.c,501 :: 		
0x02A8	0x0E01      	MOVLW       1
;__Lib_MathDouble.c,502 :: 		
0x02AA	0x6E0C      	MOVWF       R12, 0
;__Lib_MathDouble.c,504 :: 		
0x02AC	0xDED4      	RCALL       _RES032
;__Lib_MathDouble.c,506 :: 		
0x02AE	0xF001EF61  	GOTO        NORM32EEE
;__Lib_MathDouble.c,507 :: 		
JPNSETFUN32:
;__Lib_MathDouble.c,508 :: 		
0x02B2	0x0E02      	MOVLW       2
;__Lib_MathDouble.c,509 :: 		
0x02B4	0x6E0C      	MOVWF       R12, 0
;__Lib_MathDouble.c,511 :: 		
0x02B6	0xDEB2      	RCALL       _SETFUN32
;__Lib_MathDouble.c,513 :: 		
0x02B8	0xF001EF61  	GOTO        NORM32EEE
;__Lib_MathDouble.c,514 :: 		
JMPNFIXSIGN32:
;__Lib_MathDouble.c,515 :: 		
0x02BC	0x0E04      	MOVLW       4
;__Lib_MathDouble.c,516 :: 		
0x02BE	0x6E0C      	MOVWF       R12, 0
;__Lib_MathDouble.c,518 :: 		
0x02C0	0xDEBA      	RCALL       _FIXSIGN32
;__Lib_MathDouble.c,520 :: 		
NORM32EEE:
;__Lib_MathDouble.c,527 :: 		
L_end_NRM3232:
0x02C2	0x0012      	RETURN      0
; end of _NRM3232
_strcpy:
;__Lib_CString.c,126 :: 		
;__Lib_CString.c,129 :: 		
0x02C4	0xF004C0A1  	MOVFF       FARG_strcpy_to, R4
0x02C8	0xF005C0A2  	MOVFF       FARG_strcpy_to+1, R5
;__Lib_CString.c,130 :: 		
L_strcpy34:
0x02CC	0xF002C004  	MOVFF       R4, R2
0x02D0	0xF003C005  	MOVFF       R5, R3
0x02D4	0x4A04      	INFSNZ      R4, 1 
0x02D6	0x2A05      	INCF        R5, 1 
0x02D8	0xF000C0A3  	MOVFF       FARG_strcpy_from, R0
0x02DC	0xF001C0A4  	MOVFF       FARG_strcpy_from+1, R1
0x02E0	0x0100      	MOVLB       0
0x02E2	0x4BA3      	INFSNZ      FARG_strcpy_from, 1, 1
0x02E4	0x2BA4      	INCF        FARG_strcpy_from+1, 1, 1
0x02E6	0xFFE9C000  	MOVFF       R0, FSR0L
0x02EA	0xFFEAC001  	MOVFF       R1, FSR0H
0x02EE	0xFFE1C002  	MOVFF       R2, FSR1L
0x02F2	0xFFE2C003  	MOVFF       R3, FSR1H
0x02F6	0xFFE6CFEE  	MOVFF       POSTINC0, POSTINC1
0x02FA	0xFFE9C002  	MOVFF       R2, FSR0L
0x02FE	0xFFEAC003  	MOVFF       R3, FSR0H
0x0302	0x52EE      	MOVF        POSTINC0, 1 
0x0304	0xE001      	BZ          L_strcpy35
;__Lib_CString.c,131 :: 		
0x0306	0xD7E2      	BRA         L_strcpy34
L_strcpy35:
;__Lib_CString.c,132 :: 		
0x0308	0xF000C0A1  	MOVFF       FARG_strcpy_to, R0
0x030C	0xF001C0A2  	MOVFF       FARG_strcpy_to+1, R1
;__Lib_CString.c,133 :: 		
L_end_strcpy:
0x0310	0x0012      	RETURN      0
; end of _strcpy
_Div_8X8_S:
;__Lib_Math.c,326 :: 		
;__Lib_Math.c,335 :: 		
0x0312	0x6A0D      	CLRF        R13, 0
;__Lib_Math.c,336 :: 		
0x0314	0x6A08      	CLRF        R8, 0
;__Lib_Math.c,337 :: 		
0x0316	0x5000      	MOVF        R0, 0, 0
;__Lib_Math.c,338 :: 		
0x0318	0xB4D8      	BTFSC       STATUS, 2, 0
;__Lib_Math.c,339 :: 		
0x031A	0x0C00      	RETLW       0
;__Lib_Math.c,340 :: 		
0x031C	0x1804      	XORWF       R4, 0, 0
;__Lib_Math.c,341 :: 		
0x031E	0x6E0A      	MOVWF       R10, 0
;__Lib_Math.c,342 :: 		
0x0320	0xBE0A      	BTFSC       R10, 7, 0
;__Lib_Math.c,343 :: 		
0x0322	0x1E0D      	COMF        R13, 1, 0
;__Lib_Math.c,344 :: 		
0x0324	0x6A0B      	CLRF        R11, 0
;__Lib_Math.c,345 :: 		
0x0326	0xAE04      	BTFSS       R4, 7, 0
;__Lib_Math.c,346 :: 		
0x0328	0xD002      	BRA         $+6
;__Lib_Math.c,347 :: 		
0x032A	0x1E04      	COMF        R4, 1, 0
;__Lib_Math.c,348 :: 		
0x032C	0x2A04      	INCF        R4, 1, 0
;__Lib_Math.c,349 :: 		
0x032E	0xAE00      	BTFSS       R0, 7, 0
;__Lib_Math.c,350 :: 		
0x0330	0xD002      	BRA         $+6
;__Lib_Math.c,351 :: 		
0x0332	0x1E00      	COMF        R0, 1, 0
;__Lib_Math.c,352 :: 		
0x0334	0x2A00      	INCF        R0, 1, 0
;__Lib_Math.c,353 :: 		
0x0336	0x5000      	MOVF        R0, 0, 0
;__Lib_Math.c,354 :: 		
0x0338	0x1004      	IORWF       R4, 0, 0
;__Lib_Math.c,355 :: 		
0x033A	0x6E0A      	MOVWF       R10, 0
;__Lib_Math.c,356 :: 		
0x033C	0xBE0A      	BTFSC       R10, 7, 0
;__Lib_Math.c,357 :: 		
0x033E	0xD01F      	BRA         $+64
;__Lib_Math.c,358 :: 		
0x0340	0x5004      	MOVF        R4, 0, 0
;__Lib_Math.c,359 :: 		
0x0342	0x5E08      	SUBWF       R8, 1, 0
;__Lib_Math.c,360 :: 		
0x0344	0x3600      	RLCF        R0, 1, 0
;__Lib_Math.c,361 :: 		
0x0346	0x3400      	RLCF        R0, 0, 0
;__Lib_Math.c,362 :: 		
0x0348	0x3608      	RLCF        R8, 1, 0
;__Lib_Math.c,363 :: 		
0x034A	0x5004      	MOVF        R4, 0, 0
;__Lib_Math.c,364 :: 		
0x034C	0x2608      	ADDWF       R8, 1, 0
;__Lib_Math.c,365 :: 		
0x034E	0x3600      	RLCF        R0, 1, 0
;__Lib_Math.c,366 :: 		
0x0350	0x0E06      	MOVLW       6
;__Lib_Math.c,367 :: 		
0x0352	0x6E0C      	MOVWF       R12, 0
;__Lib_Math.c,368 :: 		
0x0354	0x3400      	RLCF        R0, 0, 0
;__Lib_Math.c,369 :: 		
0x0356	0x3608      	RLCF        R8, 1, 0
;__Lib_Math.c,370 :: 		
0x0358	0x5004      	MOVF        R4, 0, 0
;__Lib_Math.c,371 :: 		
0x035A	0xB000      	BTFSC       R0, 0, 0
;__Lib_Math.c,372 :: 		
0x035C	0x5E08      	SUBWF       R8, 1, 0
;__Lib_Math.c,373 :: 		
0x035E	0xA000      	BTFSS       R0, 0, 0
;__Lib_Math.c,374 :: 		
0x0360	0x2608      	ADDWF       R8, 1, 0
;__Lib_Math.c,375 :: 		
0x0362	0x3600      	RLCF        R0, 1, 0
;__Lib_Math.c,376 :: 		
0x0364	0x2E0C      	DECFSZ      R12, 1, 0
;__Lib_Math.c,377 :: 		
0x0366	0xD7F6      	BRA         $-18
;__Lib_Math.c,378 :: 		
0x0368	0xA000      	BTFSS       R0, 0, 0
;__Lib_Math.c,379 :: 		
0x036A	0x2608      	ADDWF       R8, 1, 0
;__Lib_Math.c,380 :: 		
0x036C	0xB00B      	BTFSC       R11, 0, 0
;__Lib_Math.c,381 :: 		
0x036E	0xD015      	BRA         $+44
;__Lib_Math.c,382 :: 		
0x0370	0xAE0D      	BTFSS       R13, 7, 0
;__Lib_Math.c,383 :: 		
0x0372	0x0C00      	RETLW       0
;__Lib_Math.c,384 :: 		
0x0374	0x1E00      	COMF        R0, 1, 0
;__Lib_Math.c,385 :: 		
0x0376	0x2A00      	INCF        R0, 1, 0
;__Lib_Math.c,386 :: 		
0x0378	0x1E08      	COMF        R8, 1, 0
;__Lib_Math.c,387 :: 		
0x037A	0x2A08      	INCF        R8, 1, 0
;__Lib_Math.c,388 :: 		
0x037C	0x0C00      	RETLW       0
;__Lib_Math.c,389 :: 		
0x037E	0xAE04      	BTFSS       R4, 7, 0
;__Lib_Math.c,390 :: 		
0x0380	0xD009      	BRA         $+20
;__Lib_Math.c,391 :: 		
0x0382	0xBE00      	BTFSC       R0, 7, 0
;__Lib_Math.c,392 :: 		
0x0384	0xD004      	BRA         $+10
;__Lib_Math.c,393 :: 		
0x0386	0x5000      	MOVF        R0, 0, 0
;__Lib_Math.c,394 :: 		
0x0388	0x6E08      	MOVWF       R8, 0
;__Lib_Math.c,395 :: 		
0x038A	0x6A00      	CLRF        R0, 0
;__Lib_Math.c,396 :: 		
0x038C	0xD7F1      	BRA         $-28
;__Lib_Math.c,397 :: 		
0x038E	0x6A00      	CLRF        R0, 0
;__Lib_Math.c,398 :: 		
0x0390	0x2A00      	INCF        R0, 1, 0
;__Lib_Math.c,399 :: 		
0x0392	0x0C00      	RETLW       0
;__Lib_Math.c,400 :: 		
0x0394	0x1E00      	COMF        R0, 1, 0
;__Lib_Math.c,401 :: 		
0x0396	0x2A0B      	INCF        R11, 1, 0
;__Lib_Math.c,402 :: 		
0x0398	0xD7D3      	BRA         $-88
;__Lib_Math.c,403 :: 		
0x039A	0x2A08      	INCF        R8, 1, 0
;__Lib_Math.c,404 :: 		
0x039C	0x5004      	MOVF        R4, 0, 0
;__Lib_Math.c,405 :: 		
0x039E	0x5C08      	SUBWF       R8, 0, 0
;__Lib_Math.c,406 :: 		
0x03A0	0xA4D8      	BTFSS       STATUS, 2, 0
;__Lib_Math.c,407 :: 		
0x03A2	0xD7E6      	BRA         $-50
;__Lib_Math.c,408 :: 		
0x03A4	0x6A08      	CLRF        R8, 0
;__Lib_Math.c,409 :: 		
0x03A6	0x2A00      	INCF        R0, 1, 0
;__Lib_Math.c,410 :: 		
0x03A8	0xAE00      	BTFSS       R0, 7, 0
;__Lib_Math.c,411 :: 		
0x03AA	0xD7E2      	BRA         $-58
;__Lib_Math.c,412 :: 		
0x03AC	0x0CFF      	RETLW       255
;__Lib_Math.c,414 :: 		
L_end_Div_8X8_S:
0x03AE	0x0012      	RETURN      0
; end of _Div_8X8_S
_Delay_22us:
;__Lib_Delays.c,15 :: 		void Delay_22us() {
;__Lib_Delays.c,16 :: 		Delay_us(22);
0x03B0	0x0E0E      	MOVLW       14
0x03B2	0x6E0D      	MOVWF       R13, 0
L_Delay_22us1:
0x03B4	0x2E0D      	DECFSZ      R13, 1, 0
0x03B6	0xD7FE      	BRA         L_Delay_22us1
0x03B8	0x0000      	NOP
;__Lib_Delays.c,17 :: 		}
L_end_Delay_22us:
0x03BA	0x0012      	RETURN      0
; end of _Delay_22us
_SETFDZ32:
;__Lib_MathDouble.c,106 :: 		
;__Lib_MathDouble.c,110 :: 		
0x03BC	0x6A0B      	CLRF        R11, 0
;__Lib_MathDouble.c,111 :: 		
0x03BE	0x860B      	BSF         R11, 3, 0
;__Lib_MathDouble.c,112 :: 		
0x03C0	0x0EFF      	MOVLW       255
;__Lib_MathDouble.c,114 :: 		
L_end_SETFDZ32:
0x03C2	0x0012      	RETURN      0
; end of _SETFDZ32
_UART1_Write:
;__Lib_UART_c67.c,58 :: 		
;__Lib_UART_c67.c,59 :: 		
L_UART1_Write3:
0x03C4	0xB2AC      	BTFSC       TXSTA, 1 
0x03C6	0xD002      	BRA         L_UART1_Write4
;__Lib_UART_c67.c,60 :: 		
0x03C8	0x0000      	NOP
0x03CA	0xD7FC      	BRA         L_UART1_Write3
L_UART1_Write4:
;__Lib_UART_c67.c,61 :: 		
0x03CC	0xFFADC0A1  	MOVFF       FARG_UART1_Write_data_, TXREG
;__Lib_UART_c67.c,62 :: 		
L_end_UART1_Write:
0x03D0	0x0012      	RETURN      0
; end of _UART1_Write
_newline:
;cccccode.c,9 :: 		void newline ( )
;cccccode.c,11 :: 		Uart1_Write (0x0D);
0x03D2	0x0E0D      	MOVLW       13
0x03D4	0x0100      	MOVLB       0
0x03D6	0x6FA1      	MOVWF       FARG_UART1_Write_data_, 1
0x03D8	0xDFF5      	RCALL       _UART1_Write
;cccccode.c,12 :: 		Uart1_write (0x0A);
0x03DA	0x0E0A      	MOVLW       10
0x03DC	0x0100      	MOVLB       0
0x03DE	0x6FA1      	MOVWF       FARG_UART1_Write_data_, 1
0x03E0	0xDFF1      	RCALL       _UART1_Write
;cccccode.c,13 :: 		} // end of newline function
L_end_newline:
0x03E2	0x0012      	RETURN      0
; end of _newline
_CheckResponse:
;cccccode.c,24 :: 		void CheckResponse()
;cccccode.c,26 :: 		Check = 0;
0x03E4	0x6A6B      	CLRF        _Check 
;cccccode.c,27 :: 		delay_us(40);
0x03E6	0x0E1A      	MOVLW       26
0x03E8	0x6E0D      	MOVWF       R13, 0
L_CheckResponse2:
0x03EA	0x2E0D      	DECFSZ      R13, 1, 0
0x03EC	0xD7FE      	BRA         L_CheckResponse2
0x03EE	0x0000      	NOP
;cccccode.c,28 :: 		if (PORTD.B0 == 0)
0x03F0	0xB083      	BTFSC       PORTD, 0 
0x03F2	0xD00D      	BRA         L_CheckResponse3
;cccccode.c,30 :: 		delay_us(80);
0x03F4	0x0E35      	MOVLW       53
0x03F6	0x6E0D      	MOVWF       R13, 0
L_CheckResponse4:
0x03F8	0x2E0D      	DECFSZ      R13, 1, 0
0x03FA	0xD7FE      	BRA         L_CheckResponse4
;cccccode.c,31 :: 		if (PORTD.B0 == 1) Check = 1; delay_us(40);
0x03FC	0xA083      	BTFSS       PORTD, 0 
0x03FE	0xD002      	BRA         L_CheckResponse5
0x0400	0x0E01      	MOVLW       1
0x0402	0x6E6B      	MOVWF       _Check 
L_CheckResponse5:
0x0404	0x0E1A      	MOVLW       26
0x0406	0x6E0D      	MOVWF       R13, 0
L_CheckResponse6:
0x0408	0x2E0D      	DECFSZ      R13, 1, 0
0x040A	0xD7FE      	BRA         L_CheckResponse6
0x040C	0x0000      	NOP
;cccccode.c,32 :: 		}
L_CheckResponse3:
;cccccode.c,33 :: 		}
L_end_CheckResponse:
0x040E	0x0012      	RETURN      0
; end of _CheckResponse
_ReadData:
;cccccode.c,34 :: 		char ReadData()
;cccccode.c,37 :: 		for(j = 0; j < 8; j++)
0x0410	0x6A03      	CLRF        R3 
L_ReadData7:
0x0412	0x0E08      	MOVLW       8
0x0414	0x5C03      	SUBWF       R3, 0 
0x0416	0xE230      	BC          L_ReadData8
;cccccode.c,39 :: 		while(!PORTD.B0); //Wait until PORTD.F0 goes HIGH
L_ReadData10:
0x0418	0xB083      	BTFSC       PORTD, 0 
0x041A	0xD001      	BRA         L_ReadData11
0x041C	0xD7FD      	BRA         L_ReadData10
L_ReadData11:
;cccccode.c,40 :: 		delay_us(30);
0x041E	0x0E13      	MOVLW       19
0x0420	0x6E0D      	MOVWF       R13, 0
L_ReadData12:
0x0422	0x2E0D      	DECFSZ      R13, 1, 0
0x0424	0xD7FE      	BRA         L_ReadData12
0x0426	0x0000      	NOP
0x0428	0x0000      	NOP
;cccccode.c,41 :: 		if(PORTD.B0 == 0)
0x042A	0xB083      	BTFSC       PORTD, 0 
0x042C	0xD011      	BRA         L_ReadData13
;cccccode.c,42 :: 		i&= ~(1<<(7 - j)); //Clear bit (7-b)
0x042E	0x5003      	MOVF        R3, 0 
0x0430	0x0807      	SUBLW       7
0x0432	0x6E00      	MOVWF       R0 
0x0434	0xF001C000  	MOVFF       R0, R1
0x0438	0x0E01      	MOVLW       1
0x043A	0x6E00      	MOVWF       R0 
0x043C	0x5001      	MOVF        R1, 0 
L__ReadData31:
0x043E	0xE004      	BZ          L__ReadData32
0x0440	0x3600      	RLCF        R0, 1 
0x0442	0x9000      	BCF         R0, 0 
0x0444	0x0FFF      	ADDLW       255
0x0446	0xD7FB      	BRA         L__ReadData31
L__ReadData32:
0x0448	0x1E00      	COMF        R0, 1 
0x044A	0x5000      	MOVF        R0, 0 
0x044C	0x1602      	ANDWF       R2, 1 
0x044E	0xD012      	BRA         L_ReadData14
L_ReadData13:
;cccccode.c,43 :: 		else {i|= (1 << (7 - j)); //Set bit (7-b)
0x0450	0x5003      	MOVF        R3, 0 
0x0452	0x0807      	SUBLW       7
0x0454	0x6E00      	MOVWF       R0 
0x0456	0xF001C000  	MOVFF       R0, R1
0x045A	0x0E01      	MOVLW       1
0x045C	0x6E00      	MOVWF       R0 
0x045E	0x5001      	MOVF        R1, 0 
L__ReadData33:
0x0460	0xE004      	BZ          L__ReadData34
0x0462	0x3600      	RLCF        R0, 1 
0x0464	0x9000      	BCF         R0, 0 
0x0466	0x0FFF      	ADDLW       255
0x0468	0xD7FB      	BRA         L__ReadData33
L__ReadData34:
0x046A	0x5000      	MOVF        R0, 0 
0x046C	0x1202      	IORWF       R2, 1 
;cccccode.c,44 :: 		while(PORTD.B0);} //Wait until PORTD.F0 goes LOW
L_ReadData15:
0x046E	0xA083      	BTFSS       PORTD, 0 
0x0470	0xD001      	BRA         L_ReadData16
0x0472	0xD7FD      	BRA         L_ReadData15
L_ReadData16:
L_ReadData14:
;cccccode.c,37 :: 		for(j = 0; j < 8; j++)
0x0474	0x2A03      	INCF        R3, 1 
;cccccode.c,45 :: 		}
0x0476	0xD7CD      	BRA         L_ReadData7
L_ReadData8:
;cccccode.c,46 :: 		return i;
0x0478	0xF000C002  	MOVFF       R2, R0
;cccccode.c,47 :: 		}
L_end_ReadData:
0x047C	0x0012      	RETURN      0
; end of _ReadData
_StartSignal:
;cccccode.c,14 :: 		void StartSignal()
;cccccode.c,16 :: 		TRISD.B0 = 0; //Configure RD0 as output
0x047E	0x9095      	BCF         TRISD, 0 
;cccccode.c,17 :: 		PORTD.B0 = 0; //RD0 sends 0 to the sensor
0x0480	0x9083      	BCF         PORTD, 0 
;cccccode.c,18 :: 		delay_ms(18);
0x0482	0x0E2F      	MOVLW       47
0x0484	0x6E0C      	MOVWF       R12, 0
0x0486	0x0EBF      	MOVLW       191
0x0488	0x6E0D      	MOVWF       R13, 0
L_StartSignal0:
0x048A	0x2E0D      	DECFSZ      R13, 1, 0
0x048C	0xD7FE      	BRA         L_StartSignal0
0x048E	0x2E0C      	DECFSZ      R12, 1, 0
0x0490	0xD7FC      	BRA         L_StartSignal0
0x0492	0x0000      	NOP
0x0494	0x0000      	NOP
;cccccode.c,19 :: 		PORTD.B0 = 1; //RD0 sends 1 to the sensor
0x0496	0x8083      	BSF         PORTD, 0 
;cccccode.c,20 :: 		delay_us(30);
0x0498	0x0E13      	MOVLW       19
0x049A	0x6E0D      	MOVWF       R13, 0
L_StartSignal1:
0x049C	0x2E0D      	DECFSZ      R13, 1, 0
0x049E	0xD7FE      	BRA         L_StartSignal1
0x04A0	0x0000      	NOP
0x04A2	0x0000      	NOP
;cccccode.c,21 :: 		TRISD.B0 = 1; //Configure RD0 as input
0x04A4	0x8095      	BSF         TRISD, 0 
;cccccode.c,22 :: 		}
L_end_StartSignal:
0x04A6	0x0012      	RETURN      0
; end of _StartSignal
___CC2DW:
;__Lib_System.c,21 :: 		
;__Lib_System.c,23 :: 		
_CC2DL_Loop1:
;__Lib_System.c,24 :: 		
0x04A8	0x0009      	TBLRD*+
;__Lib_System.c,25 :: 		
0x04AA	0xFFE6CFF5  	MOVFF       TABLAT, POSTINC1
;__Lib_System.c,26 :: 		
0x04AE	0x0600      	DECF        R0, 1, 0
;__Lib_System.c,27 :: 		
0x04B0	0xE1FB      	BNZ         _CC2DL_Loop1
;__Lib_System.c,28 :: 		
0x04B2	0x0601      	DECF        R1, 1, 0
;__Lib_System.c,29 :: 		
0x04B4	0xE1F9      	BNZ         _CC2DL_Loop1
;__Lib_System.c,31 :: 		
L_end___CC2DW:
0x04B6	0x0012      	RETURN      0
; end of ___CC2DW
_UART1_Init:
;__Lib_UART_c67.c,15 :: 		
;__Lib_UART_c67.c,18 :: 		
0x04B8	0x0EC4      	MOVLW       _UART1_Write
0x04BA	0x0100      	MOVLB       0
0x04BC	0x6F83      	MOVWF       _UART_Wr_Ptr, 1
0x04BE	0x0E03      	MOVLW       hi_addr(_UART1_Write)
0x04C0	0x6F84      	MOVWF       _UART_Wr_Ptr+1, 1
0x04C2	0x0EA1      	MOVLW       FARG_UART1_Write_data_
0x04C4	0x6F85      	MOVWF       _UART_Wr_Ptr+2, 1
0x04C6	0x0E00      	MOVLW       hi_addr(FARG_UART1_Write_data_)
0x04C8	0x6F86      	MOVWF       _UART_Wr_Ptr+3, 1
;__Lib_UART_c67.c,19 :: 		
0x04CA	0x0EFF      	MOVLW       _UART1_Read
0x04CC	0x6F87      	MOVWF       _UART_Rd_Ptr, 1
0x04CE	0x0EFF      	MOVLW       hi_addr(_UART1_Read)
0x04D0	0x6F88      	MOVWF       _UART_Rd_Ptr+1, 1
0x04D2	0x0E00      	MOVLW       0
0x04D4	0x6F89      	MOVWF       _UART_Rd_Ptr+2, 1
0x04D6	0x0E00      	MOVLW       0
0x04D8	0x6F8A      	MOVWF       _UART_Rd_Ptr+3, 1
;__Lib_UART_c67.c,20 :: 		
0x04DA	0x0EFF      	MOVLW       _UART1_Data_Ready
0x04DC	0x6F8F      	MOVWF       _UART_Rdy_Ptr, 1
0x04DE	0x0EFF      	MOVLW       hi_addr(_UART1_Data_Ready)
0x04E0	0x6F90      	MOVWF       _UART_Rdy_Ptr+1, 1
0x04E2	0x0E00      	MOVLW       0
0x04E4	0x6F91      	MOVWF       _UART_Rdy_Ptr+2, 1
0x04E6	0x0E00      	MOVLW       0
0x04E8	0x6F92      	MOVWF       _UART_Rdy_Ptr+3, 1
;__Lib_UART_c67.c,21 :: 		
0x04EA	0x0EFF      	MOVLW       _UART1_Tx_Idle
0x04EC	0x6F8B      	MOVWF       _UART_Tx_Idle_Ptr, 1
0x04EE	0x0EFF      	MOVLW       hi_addr(_UART1_Tx_Idle)
0x04F0	0x6F8C      	MOVWF       _UART_Tx_Idle_Ptr+1, 1
0x04F2	0x0E00      	MOVLW       0
0x04F4	0x6F8D      	MOVWF       _UART_Tx_Idle_Ptr+2, 1
0x04F6	0x0E00      	MOVLW       0
0x04F8	0x6F8E      	MOVWF       _UART_Tx_Idle_Ptr+3, 1
;__Lib_UART_c67.c,23 :: 		
0x04FA	0x8AAC      	BSF         TXSTA, 5 
;__Lib_UART_c67.c,24 :: 		
0x04FC	0x0E90      	MOVLW       144
0x04FE	0x6EAB      	MOVWF       RCSTA 
;__Lib_UART_c67.c,25 :: 		
0x0500	0x8E94      	BSF         TRISC7_bit, BitPos(TRISC7_bit+0) 
;__Lib_UART_c67.c,26 :: 		
0x0502	0x9C94      	BCF         TRISC6_bit, BitPos(TRISC6_bit+0) 
;__Lib_UART_c67.c,28 :: 		
L_UART1_Init0:
0x0504	0xAA9E      	BTFSS       PIR1, 5 
0x0506	0xD003      	BRA         L_UART1_Init1
;__Lib_UART_c67.c,29 :: 		
0x0508	0xF000CFAE  	MOVFF       RCREG, R0
0x050C	0xD7FB      	BRA         L_UART1_Init0
L_UART1_Init1:
;__Lib_UART_c67.c,30 :: 		
L_end_UART1_Init:
0x050E	0x0012      	RETURN      0
; end of _UART1_Init
_word2double:
;__Lib_MathDouble.c,2335 :: 		
;__Lib_MathDouble.c,2344 :: 		
0x0510	0x5000      	MOVF        R0, 0, 0
;__Lib_MathDouble.c,2345 :: 		
0x0512	0x6E08      	MOVWF       R8, 0
;__Lib_MathDouble.c,2346 :: 		
0x0514	0x5001      	MOVF        R1, 0, 0
;__Lib_MathDouble.c,2347 :: 		
0x0516	0x6E00      	MOVWF       R0, 0
;__Lib_MathDouble.c,2348 :: 		
0x0518	0x6A01      	CLRF        R1, 0
;__Lib_MathDouble.c,2349 :: 		
0x051A	0x6A02      	CLRF        R2, 0
;__Lib_MathDouble.c,2350 :: 		
0x051C	0x6A03      	CLRF        R3, 0
;__Lib_MathDouble.c,2353 :: 		
0x051E	0x6A0B      	CLRF        R11, 0
;__Lib_MathDouble.c,2354 :: 		
0x0520	0x6A0C      	CLRF        R12, 0
;__Lib_MathDouble.c,2356 :: 		
0x0522	0x0E96      	MOVLW       150
;__Lib_MathDouble.c,2357 :: 		
0x0524	0x6E03      	MOVWF       R3, 0
;__Lib_MathDouble.c,2358 :: 		
0x0526	0x6A0A      	CLRF        R10, 0
;__Lib_MathDouble.c,2360 :: 		
0x0528	0xF001C000  	MOVFF       R0, R1
;__Lib_MathDouble.c,2361 :: 		
0x052C	0xF000C008  	MOVFF       R8, R0
;__Lib_MathDouble.c,2362 :: 		
0x0530	0x6A08      	CLRF        R8, 0
;__Lib_MathDouble.c,2363 :: 		
0x0532	0x6A02      	CLRF        R2, 0
;__Lib_MathDouble.c,2365 :: 		
0x0534	0xDE8E      	RCALL       _NRM3232
;__Lib_MathDouble.c,2366 :: 		
L_end_word2double:
0x0536	0x0012      	RETURN      0
; end of _word2double
_ADC_Read:
;__Lib_ADC_A_C.c,65 :: 		
;__Lib_ADC_A_C.c,68 :: 		
0x0538	0x6AC2      	CLRF        ADCON0 
;__Lib_ADC_A_C.c,69 :: 		
0x053A	0x0EC0      	MOVLW       192
0x053C	0x12C2      	IORWF       ADCON0, 1 
;__Lib_ADC_A_C.c,70 :: 		
0x053E	0x1C49      	COMF        _vref_mask, 0 
0x0540	0x6E00      	MOVWF       R0 
0x0542	0x5000      	MOVF        R0, 0 
0x0544	0x16C1      	ANDWF       ADCON1, 1 
;__Lib_ADC_A_C.c,71 :: 		
0x0546	0x8CC1      	BSF         ADCON1, 6 
;__Lib_ADC_A_C.c,73 :: 		
0x0548	0x8EC1      	BSF         ADCON1, 7 
;__Lib_ADC_A_C.c,74 :: 		
0x054A	0xF000C093  	MOVFF       FARG_ADC_Read_channel, R0
0x054E	0x3600      	RLCF        R0, 1 
0x0550	0x9000      	BCF         R0, 0 
0x0552	0x3600      	RLCF        R0, 1 
0x0554	0x9000      	BCF         R0, 0 
0x0556	0x3600      	RLCF        R0, 1 
0x0558	0x9000      	BCF         R0, 0 
0x055A	0x5000      	MOVF        R0, 0 
0x055C	0x12C2      	IORWF       ADCON0, 1 
;__Lib_ADC_A_C.c,75 :: 		
0x055E	0x80C2      	BSF         ADCON0, 0 
;__Lib_ADC_A_C.c,76 :: 		
0x0560	0xDF27      	RCALL       _Delay_22us
;__Lib_ADC_A_C.c,77 :: 		
0x0562	0x84C2      	BSF         ADCON0, 2 
;__Lib_ADC_A_C.c,78 :: 		
L_ADC_Read2:
0x0564	0xA4C2      	BTFSS       ADCON0, 2 
0x0566	0xD001      	BRA         L_ADC_Read3
;__Lib_ADC_A_C.c,79 :: 		
0x0568	0xD7FD      	BRA         L_ADC_Read2
L_ADC_Read3:
;__Lib_ADC_A_C.c,81 :: 		
0x056A	0xF001CFC4  	MOVFF       ADRESH, R1
0x056E	0x6A00      	CLRF        R0 
;__Lib_ADC_A_C.c,82 :: 		
0x0570	0x50C3      	MOVF        ADRESL, 0 
0x0572	0x1200      	IORWF       R0, 1 
0x0574	0x0E00      	MOVLW       0
0x0576	0x1201      	IORWF       R1, 1 
;__Lib_ADC_A_C.c,83 :: 		
0x0578	0x90C2      	BCF         ADCON0, 0 
;__Lib_ADC_A_C.c,85 :: 		
;__Lib_ADC_A_C.c,86 :: 		
L_end_ADC_Read:
0x057A	0x0012      	RETURN      0
; end of _ADC_Read
_FloatToStr:
;__Lib_Conversions.c,521 :: 		
;__Lib_Conversions.c,523 :: 		
0x057C	0x0100      	MOVLB       0
0x057E	0x6B9F      	CLRF        FloatToStr_bpoint_L0, 1
0x0580	0x6BA0      	CLRF        FloatToStr_dexpon_L0, 1
;__Lib_Conversions.c,528 :: 		
0x0582	0xF09BC093  	MOVFF       FARG_FloatToStr_fnum, FloatToStr_un_L0
0x0586	0xF09CC094  	MOVFF       FARG_FloatToStr_fnum+1, FloatToStr_un_L0+1
0x058A	0xF09DC095  	MOVFF       FARG_FloatToStr_fnum+2, FloatToStr_un_L0+2
0x058E	0xF09EC096  	MOVFF       FARG_FloatToStr_fnum+3, FloatToStr_un_L0+3
;__Lib_Conversions.c,529 :: 		
0x0592	0x519E      	MOVF        FloatToStr_un_L0+3, 0, 1
0x0594	0x0AFF      	XORLW       255
0x0596	0xE108      	BNZ         L__FloatToStr417
0x0598	0x519D      	MOVF        FloatToStr_un_L0+2, 0, 1
0x059A	0x0AFF      	XORLW       255
0x059C	0xE105      	BNZ         L__FloatToStr417
0x059E	0x519C      	MOVF        FloatToStr_un_L0+1, 0, 1
0x05A0	0x0AFF      	XORLW       255
0x05A2	0xE102      	BNZ         L__FloatToStr417
0x05A4	0x519B      	MOVF        FloatToStr_un_L0, 0, 1
0x05A6	0x0AFF      	XORLW       255
L__FloatToStr417:
0x05A8	0xE10C      	BNZ         L_FloatToStr90
;__Lib_Conversions.c,530 :: 		
0x05AA	0xF0A1C097  	MOVFF       FARG_FloatToStr_str, FARG_strcpy_to
0x05AE	0xF0A2C098  	MOVFF       FARG_FloatToStr_str+1, FARG_strcpy_to+1
0x05B2	0x0E45      	MOVLW       ?lstr1___Lib_Conversions
0x05B4	0x6FA3      	MOVWF       FARG_strcpy_from, 1
0x05B6	0x0E00      	MOVLW       hi_addr(?lstr1___Lib_Conversions)
0x05B8	0x6FA4      	MOVWF       FARG_strcpy_from+1, 1
0x05BA	0xDE84      	RCALL       _strcpy
;__Lib_Conversions.c,531 :: 		
0x05BC	0x0E03      	MOVLW       3
0x05BE	0x6E00      	MOVWF       R0 
0x05C0	0xD1E9      	BRA         L_end_FloatToStr
;__Lib_Conversions.c,532 :: 		
L_FloatToStr90:
;__Lib_Conversions.c,533 :: 		
0x05C2	0x0E01      	MOVLW       1
0x05C4	0x6F99      	MOVWF       FloatToStr_i_L0, 1
;__Lib_Conversions.c,534 :: 		
0x05C6	0xAF9D      	BTFSS       FloatToStr_un_L0+2, 7, 1
0x05C8	0xD00E      	BRA         L_FloatToStr91
;__Lib_Conversions.c,535 :: 		
0x05CA	0x0E80      	MOVLW       128
0x05CC	0x199D      	XORWF       FloatToStr_un_L0+2, 0, 1
0x05CE	0x6E00      	MOVWF       R0 
0x05D0	0xF09DC000  	MOVFF       R0, FloatToStr_un_L0+2
;__Lib_Conversions.c,536 :: 		
0x05D4	0x2B99      	INCF        FloatToStr_i_L0, 1, 1
;__Lib_Conversions.c,537 :: 		
0x05D6	0xFFE1C097  	MOVFF       FARG_FloatToStr_str, FSR1L
0x05DA	0xFFE2C098  	MOVFF       FARG_FloatToStr_str+1, FSR1H
0x05DE	0x0E2D      	MOVLW       45
0x05E0	0x6EE6      	MOVWF       POSTINC1 
0x05E2	0x4B97      	INFSNZ      FARG_FloatToStr_str, 1, 1
0x05E4	0x2B98      	INCF        FARG_FloatToStr_str+1, 1, 1
;__Lib_Conversions.c,538 :: 		
L_FloatToStr91:
;__Lib_Conversions.c,539 :: 		
0x05E6	0x0E00      	MOVLW       0
0x05E8	0x6E00      	MOVWF       R0 
0x05EA	0x199E      	XORWF       FloatToStr_un_L0+3, 0, 1
0x05EC	0xE108      	BNZ         L__FloatToStr418
0x05EE	0x5000      	MOVF        R0, 0 
0x05F0	0x199D      	XORWF       FloatToStr_un_L0+2, 0, 1
0x05F2	0xE105      	BNZ         L__FloatToStr418
0x05F4	0x5000      	MOVF        R0, 0 
0x05F6	0x199C      	XORWF       FloatToStr_un_L0+1, 0, 1
0x05F8	0xE102      	BNZ         L__FloatToStr418
0x05FA	0x519B      	MOVF        FloatToStr_un_L0, 0, 1
0x05FC	0x0A00      	XORLW       0
L__FloatToStr418:
0x05FE	0xE10B      	BNZ         L_FloatToStr92
;__Lib_Conversions.c,540 :: 		
0x0600	0xF0A1C097  	MOVFF       FARG_FloatToStr_str, FARG_strcpy_to
0x0604	0xF0A2C098  	MOVFF       FARG_FloatToStr_str+1, FARG_strcpy_to+1
0x0608	0x0E1C      	MOVLW       ?lstr2___Lib_Conversions
0x060A	0x6FA3      	MOVWF       FARG_strcpy_from, 1
0x060C	0x0E00      	MOVLW       hi_addr(?lstr2___Lib_Conversions)
0x060E	0x6FA4      	MOVWF       FARG_strcpy_from+1, 1
0x0610	0xDE59      	RCALL       _strcpy
;__Lib_Conversions.c,541 :: 		
0x0612	0x6A00      	CLRF        R0 
0x0614	0xD1BF      	BRA         L_end_FloatToStr
;__Lib_Conversions.c,542 :: 		
L_FloatToStr92:
;__Lib_Conversions.c,543 :: 		
0x0616	0x519E      	MOVF        FloatToStr_un_L0+3, 0, 1
0x0618	0x0AFF      	XORLW       255
0x061A	0xE108      	BNZ         L__FloatToStr419
0x061C	0x519D      	MOVF        FloatToStr_un_L0+2, 0, 1
0x061E	0x0A00      	XORLW       0
0x0620	0xE105      	BNZ         L__FloatToStr419
0x0622	0x519C      	MOVF        FloatToStr_un_L0+1, 0, 1
0x0624	0x0A00      	XORLW       0
0x0626	0xE102      	BNZ         L__FloatToStr419
0x0628	0x519B      	MOVF        FloatToStr_un_L0, 0, 1
0x062A	0x0A00      	XORLW       0
L__FloatToStr419:
0x062C	0xE10C      	BNZ         L_FloatToStr93
;__Lib_Conversions.c,544 :: 		
0x062E	0xF0A1C097  	MOVFF       FARG_FloatToStr_str, FARG_strcpy_to
0x0632	0xF0A2C098  	MOVFF       FARG_FloatToStr_str+1, FARG_strcpy_to+1
0x0636	0x0E18      	MOVLW       ?lstr3___Lib_Conversions
0x0638	0x6FA3      	MOVWF       FARG_strcpy_from, 1
0x063A	0x0E00      	MOVLW       hi_addr(?lstr3___Lib_Conversions)
0x063C	0x6FA4      	MOVWF       FARG_strcpy_from+1, 1
0x063E	0xDE42      	RCALL       _strcpy
;__Lib_Conversions.c,545 :: 		
0x0640	0xF000C099  	MOVFF       FloatToStr_i_L0, R0
0x0644	0xD1A7      	BRA         L_end_FloatToStr
;__Lib_Conversions.c,546 :: 		
L_FloatToStr93:
;__Lib_Conversions.c,554 :: 		
L_FloatToStr94:
0x0646	0x0E00      	MOVLW       0
0x0648	0x6E04      	MOVWF       R4 
0x064A	0x0E00      	MOVLW       0
0x064C	0x6E05      	MOVWF       R5 
0x064E	0x0E00      	MOVLW       0
0x0650	0x6E06      	MOVWF       R6 
0x0652	0x0E7F      	MOVLW       127
0x0654	0x6E07      	MOVWF       R7 
0x0656	0xF000C09B  	MOVFF       FloatToStr_un_L0, R0
0x065A	0xF001C09C  	MOVFF       FloatToStr_un_L0+1, R1
0x065E	0xF002C09D  	MOVFF       FloatToStr_un_L0+2, R2
0x0662	0xF003C09E  	MOVFF       FloatToStr_un_L0+3, R3
0x0666	0xDD8E      	RCALL       _Compare_Double
0x0668	0x0E01      	MOVLW       1
0x066A	0xB0D8      	BTFSC       STATUS, 0 
0x066C	0x0E00      	MOVLW       0
0x066E	0x6E00      	MOVWF       R0 
0x0670	0x5200      	MOVF        R0, 1 
0x0672	0xE01B      	BZ          L_FloatToStr95
;__Lib_Conversions.c,555 :: 		
0x0674	0xF000C09B  	MOVFF       FloatToStr_un_L0, R0
0x0678	0xF001C09C  	MOVFF       FloatToStr_un_L0+1, R1
0x067C	0xF002C09D  	MOVFF       FloatToStr_un_L0+2, R2
0x0680	0xF003C09E  	MOVFF       FloatToStr_un_L0+3, R3
0x0684	0x0E00      	MOVLW       0
0x0686	0x6E04      	MOVWF       R4 
0x0688	0x0E00      	MOVLW       0
0x068A	0x6E05      	MOVWF       R5 
0x068C	0x0E20      	MOVLW       32
0x068E	0x6E06      	MOVWF       R6 
0x0690	0x0E82      	MOVLW       130
0x0692	0x6E07      	MOVWF       R7 
0x0694	0xDCE7      	RCALL       _Mul_32x32_FP
0x0696	0xF09BC000  	MOVFF       R0, FloatToStr_un_L0
0x069A	0xF09CC001  	MOVFF       R1, FloatToStr_un_L0+1
0x069E	0xF09DC002  	MOVFF       R2, FloatToStr_un_L0+2
0x06A2	0xF09EC003  	MOVFF       R3, FloatToStr_un_L0+3
;__Lib_Conversions.c,556 :: 		
0x06A6	0x07A0      	DECF        FloatToStr_dexpon_L0, 1, 1
;__Lib_Conversions.c,557 :: 		
0x06A8	0xD7CE      	BRA         L_FloatToStr94
L_FloatToStr95:
;__Lib_Conversions.c,562 :: 		
L_FloatToStr96:
0x06AA	0x0E00      	MOVLW       0
0x06AC	0x6E04      	MOVWF       R4 
0x06AE	0x0E00      	MOVLW       0
0x06B0	0x6E05      	MOVWF       R5 
0x06B2	0x0E20      	MOVLW       32
0x06B4	0x6E06      	MOVWF       R6 
0x06B6	0x0E82      	MOVLW       130
0x06B8	0x6E07      	MOVWF       R7 
0x06BA	0xF000C09B  	MOVFF       FloatToStr_un_L0, R0
0x06BE	0xF001C09C  	MOVFF       FloatToStr_un_L0+1, R1
0x06C2	0xF002C09D  	MOVFF       FloatToStr_un_L0+2, R2
0x06C6	0xF003C09E  	MOVFF       FloatToStr_un_L0+3, R3
0x06CA	0xDD5C      	RCALL       _Compare_Double
0x06CC	0x0E00      	MOVLW       0
0x06CE	0xB0D8      	BTFSC       STATUS, 0 
0x06D0	0x0E01      	MOVLW       1
0x06D2	0x6E00      	MOVWF       R0 
0x06D4	0x5200      	MOVF        R0, 1 
0x06D6	0xE01B      	BZ          L_FloatToStr97
;__Lib_Conversions.c,563 :: 		
0x06D8	0xF000C09B  	MOVFF       FloatToStr_un_L0, R0
0x06DC	0xF001C09C  	MOVFF       FloatToStr_un_L0+1, R1
0x06E0	0xF002C09D  	MOVFF       FloatToStr_un_L0+2, R2
0x06E4	0xF003C09E  	MOVFF       FloatToStr_un_L0+3, R3
0x06E8	0x0ECD      	MOVLW       205
0x06EA	0x6E04      	MOVWF       R4 
0x06EC	0x0ECC      	MOVLW       204
0x06EE	0x6E05      	MOVWF       R5 
0x06F0	0x0E4C      	MOVLW       76
0x06F2	0x6E06      	MOVWF       R6 
0x06F4	0x0E7B      	MOVLW       123
0x06F6	0x6E07      	MOVWF       R7 
0x06F8	0xDCB5      	RCALL       _Mul_32x32_FP
0x06FA	0xF09BC000  	MOVFF       R0, FloatToStr_un_L0
0x06FE	0xF09CC001  	MOVFF       R1, FloatToStr_un_L0+1
0x0702	0xF09DC002  	MOVFF       R2, FloatToStr_un_L0+2
0x0706	0xF09EC003  	MOVFF       R3, FloatToStr_un_L0+3
;__Lib_Conversions.c,564 :: 		
0x070A	0x2BA0      	INCF        FloatToStr_dexpon_L0, 1, 1
;__Lib_Conversions.c,565 :: 		
0x070C	0xD7CE      	BRA         L_FloatToStr96
L_FloatToStr97:
;__Lib_Conversions.c,574 :: 		
0x070E	0x0EFF      	MOVLW       255
0x0710	0x159B      	ANDWF       FloatToStr_un_L0, 0, 1
0x0712	0x6E08      	MOVWF       R8 
0x0714	0x0EFF      	MOVLW       255
0x0716	0x159C      	ANDWF       FloatToStr_un_L0+1, 0, 1
0x0718	0x6E09      	MOVWF       R9 
0x071A	0x0E7F      	MOVLW       127
0x071C	0x159D      	ANDWF       FloatToStr_un_L0+2, 0, 1
0x071E	0x6E0A      	MOVWF       R10 
0x0720	0x0E00      	MOVLW       0
0x0722	0x159E      	ANDWF       FloatToStr_un_L0+3, 0, 1
0x0724	0x6E0B      	MOVWF       R11 
;__Lib_Conversions.c,575 :: 		
0x0726	0xF004C008  	MOVFF       R8, R4
0x072A	0xF005C009  	MOVFF       R9, R5
0x072E	0xF006C00A  	MOVFF       R10, R6
0x0732	0xF007C00B  	MOVFF       R11, R7
0x0736	0x3604      	RLCF        R4, 1 
0x0738	0x9004      	BCF         R4, 0 
0x073A	0x3605      	RLCF        R5, 1 
0x073C	0x3606      	RLCF        R6, 1 
0x073E	0x3607      	RLCF        R7, 1 
;__Lib_Conversions.c,576 :: 		
0x0740	0x0E00      	MOVLW       0
0x0742	0x159B      	ANDWF       FloatToStr_un_L0, 0, 1
0x0744	0x6E00      	MOVWF       R0 
0x0746	0x0E00      	MOVLW       0
0x0748	0x159C      	ANDWF       FloatToStr_un_L0+1, 0, 1
0x074A	0x6E01      	MOVWF       R1 
0x074C	0x0E00      	MOVLW       0
0x074E	0x159D      	ANDWF       FloatToStr_un_L0+2, 0, 1
0x0750	0x6E02      	MOVWF       R2 
0x0752	0x0EFF      	MOVLW       255
0x0754	0x159E      	ANDWF       FloatToStr_un_L0+3, 0, 1
0x0756	0x6E03      	MOVWF       R3 
0x0758	0xF09BC000  	MOVFF       R0, FloatToStr_un_L0
0x075C	0xF09CC001  	MOVFF       R1, FloatToStr_un_L0+1
0x0760	0xF09DC002  	MOVFF       R2, FloatToStr_un_L0+2
0x0764	0xF09EC003  	MOVFF       R3, FloatToStr_un_L0+3
;__Lib_Conversions.c,577 :: 		
0x0768	0x5004      	MOVF        R4, 0 
0x076A	0x119B      	IORWF       FloatToStr_un_L0, 0, 1
0x076C	0x6E00      	MOVWF       R0 
0x076E	0x5005      	MOVF        R5, 0 
0x0770	0x119C      	IORWF       FloatToStr_un_L0+1, 0, 1
0x0772	0x6E01      	MOVWF       R1 
0x0774	0x5006      	MOVF        R6, 0 
0x0776	0x119D      	IORWF       FloatToStr_un_L0+2, 0, 1
0x0778	0x6E02      	MOVWF       R2 
0x077A	0x5007      	MOVF        R7, 0 
0x077C	0x119E      	IORWF       FloatToStr_un_L0+3, 0, 1
0x077E	0x6E03      	MOVWF       R3 
0x0780	0xF09BC000  	MOVFF       R0, FloatToStr_un_L0
0x0784	0xF09CC001  	MOVFF       R1, FloatToStr_un_L0+1
0x0788	0xF09DC002  	MOVFF       R2, FloatToStr_un_L0+2
0x078C	0xF09EC003  	MOVFF       R3, FloatToStr_un_L0+3
;__Lib_Conversions.c,579 :: 		
0x0790	0x0E7F      	MOVLW       127
0x0792	0x5D9E      	SUBWF       FloatToStr_un_L0+3, 0, 1
0x0794	0x6E00      	MOVWF       R0 
0x0796	0xF09AC000  	MOVFF       R0, FloatToStr_d_L0
;__Lib_Conversions.c,582 :: 		
0x079A	0x0E01      	MOVLW       1
0x079C	0x6F9E      	MOVWF       FloatToStr_un_L0+3, 1
;__Lib_Conversions.c,583 :: 		
0x079E	0xF004C000  	MOVFF       R0, R4
0x07A2	0xF000C09B  	MOVFF       FloatToStr_un_L0, R0
0x07A6	0xF001C09C  	MOVFF       FloatToStr_un_L0+1, R1
0x07AA	0xF002C09D  	MOVFF       FloatToStr_un_L0+2, R2
0x07AE	0xF003C09E  	MOVFF       FloatToStr_un_L0+3, R3
0x07B2	0x5004      	MOVF        R4, 0 
L__FloatToStr420:
0x07B4	0xE007      	BZ          L__FloatToStr421
0x07B6	0x3600      	RLCF        R0, 1 
0x07B8	0x9000      	BCF         R0, 0 
0x07BA	0x3601      	RLCF        R1, 1 
0x07BC	0x3602      	RLCF        R2, 1 
0x07BE	0x3603      	RLCF        R3, 1 
0x07C0	0x0FFF      	ADDLW       255
0x07C2	0xD7F8      	BRA         L__FloatToStr420
L__FloatToStr421:
0x07C4	0xF09BC000  	MOVFF       R0, FloatToStr_un_L0
0x07C8	0xF09CC001  	MOVFF       R1, FloatToStr_un_L0+1
0x07CC	0xF09DC002  	MOVFF       R2, FloatToStr_un_L0+2
0x07D0	0xF09EC003  	MOVFF       R3, FloatToStr_un_L0+3
;__Lib_Conversions.c,584 :: 		
0x07D4	0xFFE1C097  	MOVFF       FARG_FloatToStr_str, FSR1L
0x07D8	0xFFE2C098  	MOVFF       FARG_FloatToStr_str+1, FSR1H
0x07DC	0x519E      	MOVF        FloatToStr_un_L0+3, 0, 1
0x07DE	0x0F30      	ADDLW       48
0x07E0	0x6EE6      	MOVWF       POSTINC1 
0x07E2	0x4B97      	INFSNZ      FARG_FloatToStr_str, 1, 1
0x07E4	0x2B98      	INCF        FARG_FloatToStr_str+1, 1, 1
;__Lib_Conversions.c,585 :: 		
0x07E6	0x0E80      	MOVLW       128
0x07E8	0x19A0      	XORWF       FloatToStr_dexpon_L0, 0, 1
0x07EA	0x6E00      	MOVWF       R0 
0x07EC	0x0E80      	MOVLW       128
0x07EE	0x0A01      	XORLW       1
0x07F0	0x5C00      	SUBWF       R0, 0 
0x07F2	0xE308      	BNC         L__FloatToStr346
0x07F4	0x0E80      	MOVLW       128
0x07F6	0x0A06      	XORLW       6
0x07F8	0x6E00      	MOVWF       R0 
0x07FA	0x0E80      	MOVLW       128
0x07FC	0x19A0      	XORWF       FloatToStr_dexpon_L0, 0, 1
0x07FE	0x5C00      	SUBWF       R0, 0 
0x0800	0xE301      	BNC         L__FloatToStr346
0x0802	0xD00A      	BRA         L_FloatToStr100
L__FloatToStr346:
;__Lib_Conversions.c,586 :: 		
0x0804	0xFFE1C097  	MOVFF       FARG_FloatToStr_str, FSR1L
0x0808	0xFFE2C098  	MOVFF       FARG_FloatToStr_str+1, FSR1H
0x080C	0x0E2E      	MOVLW       46
0x080E	0x6EE6      	MOVWF       POSTINC1 
0x0810	0x4B97      	INFSNZ      FARG_FloatToStr_str, 1, 1
0x0812	0x2B98      	INCF        FARG_FloatToStr_str+1, 1, 1
;__Lib_Conversions.c,587 :: 		
0x0814	0x0E01      	MOVLW       1
0x0816	0x6F9F      	MOVWF       FloatToStr_bpoint_L0, 1
;__Lib_Conversions.c,588 :: 		
L_FloatToStr100:
;__Lib_Conversions.c,589 :: 		
0x0818	0x0E06      	MOVLW       6
0x081A	0x6F9A      	MOVWF       FloatToStr_d_L0, 1
L_FloatToStr101:
0x081C	0x519A      	MOVF        FloatToStr_d_L0, 0, 1
0x081E	0x0A00      	XORLW       0
0x0820	0xE054      	BZ          L_FloatToStr102
;__Lib_Conversions.c,590 :: 		
0x0822	0x6B9E      	CLRF        FloatToStr_un_L0+3, 1
;__Lib_Conversions.c,591 :: 		
0x0824	0xF000C09B  	MOVFF       FloatToStr_un_L0, R0
0x0828	0xF001C09C  	MOVFF       FloatToStr_un_L0+1, R1
0x082C	0xF002C09D  	MOVFF       FloatToStr_un_L0+2, R2
0x0830	0xF003C09E  	MOVFF       FloatToStr_un_L0+3, R3
0x0834	0x3600      	RLCF        R0, 1 
0x0836	0x9000      	BCF         R0, 0 
0x0838	0x3601      	RLCF        R1, 1 
0x083A	0x3602      	RLCF        R2, 1 
0x083C	0x3603      	RLCF        R3, 1 
0x083E	0x3600      	RLCF        R0, 1 
0x0840	0x9000      	BCF         R0, 0 
0x0842	0x3601      	RLCF        R1, 1 
0x0844	0x3602      	RLCF        R2, 1 
0x0846	0x3603      	RLCF        R3, 1 
0x0848	0x519B      	MOVF        FloatToStr_un_L0, 0, 1
0x084A	0x2600      	ADDWF       R0, 1 
0x084C	0x519C      	MOVF        FloatToStr_un_L0+1, 0, 1
0x084E	0x2201      	ADDWFC      R1, 1 
0x0850	0x519D      	MOVF        FloatToStr_un_L0+2, 0, 1
0x0852	0x2202      	ADDWFC      R2, 1 
0x0854	0x519E      	MOVF        FloatToStr_un_L0+3, 0, 1
0x0856	0x2203      	ADDWFC      R3, 1 
0x0858	0xF09BC000  	MOVFF       R0, FloatToStr_un_L0
0x085C	0xF09CC001  	MOVFF       R1, FloatToStr_un_L0+1
0x0860	0xF09DC002  	MOVFF       R2, FloatToStr_un_L0+2
0x0864	0xF09EC003  	MOVFF       R3, FloatToStr_un_L0+3
;__Lib_Conversions.c,592 :: 		
0x0868	0xF000C09B  	MOVFF       FloatToStr_un_L0, R0
0x086C	0xF001C09C  	MOVFF       FloatToStr_un_L0+1, R1
0x0870	0xF002C09D  	MOVFF       FloatToStr_un_L0+2, R2
0x0874	0xF003C09E  	MOVFF       FloatToStr_un_L0+3, R3
0x0878	0x3600      	RLCF        R0, 1 
0x087A	0x9000      	BCF         R0, 0 
0x087C	0x3601      	RLCF        R1, 1 
0x087E	0x3602      	RLCF        R2, 1 
0x0880	0x3603      	RLCF        R3, 1 
0x0882	0xF09BC000  	MOVFF       R0, FloatToStr_un_L0
0x0886	0xF09CC001  	MOVFF       R1, FloatToStr_un_L0+1
0x088A	0xF09DC002  	MOVFF       R2, FloatToStr_un_L0+2
0x088E	0xF09EC003  	MOVFF       R3, FloatToStr_un_L0+3
;__Lib_Conversions.c,593 :: 		
0x0892	0xFFE1C097  	MOVFF       FARG_FloatToStr_str, FSR1L
0x0896	0xFFE2C098  	MOVFF       FARG_FloatToStr_str+1, FSR1H
0x089A	0x519E      	MOVF        FloatToStr_un_L0+3, 0, 1
0x089C	0x0F30      	ADDLW       48
0x089E	0x6EE6      	MOVWF       POSTINC1 
0x08A0	0x4B97      	INFSNZ      FARG_FloatToStr_str, 1, 1
0x08A2	0x2B98      	INCF        FARG_FloatToStr_str+1, 1, 1
;__Lib_Conversions.c,594 :: 		
0x08A4	0x519F      	MOVF        FloatToStr_bpoint_L0, 0, 1
0x08A6	0x0A00      	XORLW       0
0x08A8	0xE10E      	BNZ         L_FloatToStr104
;__Lib_Conversions.c,595 :: 		
0x08AA	0x07A0      	DECF        FloatToStr_dexpon_L0, 1, 1
0x08AC	0x51A0      	MOVF        FloatToStr_dexpon_L0, 0, 1
0x08AE	0x0A00      	XORLW       0
0x08B0	0xE10A      	BNZ         L_FloatToStr105
;__Lib_Conversions.c,596 :: 		
0x08B2	0xFFE1C097  	MOVFF       FARG_FloatToStr_str, FSR1L
0x08B6	0xFFE2C098  	MOVFF       FARG_FloatToStr_str+1, FSR1H
0x08BA	0x0E2E      	MOVLW       46
0x08BC	0x6EE6      	MOVWF       POSTINC1 
0x08BE	0x4B97      	INFSNZ      FARG_FloatToStr_str, 1, 1
0x08C0	0x2B98      	INCF        FARG_FloatToStr_str+1, 1, 1
;__Lib_Conversions.c,597 :: 		
0x08C2	0x0E01      	MOVLW       1
0x08C4	0x6F9F      	MOVWF       FloatToStr_bpoint_L0, 1
;__Lib_Conversions.c,598 :: 		
L_FloatToStr105:
L_FloatToStr104:
;__Lib_Conversions.c,589 :: 		
0x08C6	0x079A      	DECF        FloatToStr_d_L0, 1, 1
;__Lib_Conversions.c,599 :: 		
0x08C8	0xD7A9      	BRA         L_FloatToStr101
L_FloatToStr102:
;__Lib_Conversions.c,600 :: 		
L_FloatToStr106:
0x08CA	0x0EFF      	MOVLW       255
0x08CC	0x2597      	ADDWF       FARG_FloatToStr_str, 0, 1
0x08CE	0x6EE9      	MOVWF       FSR0L 
0x08D0	0x0EFF      	MOVLW       255
0x08D2	0x2198      	ADDWFC      FARG_FloatToStr_str+1, 0, 1
0x08D4	0x6EEA      	MOVWF       FSR0L+1 
0x08D6	0x50EE      	MOVF        POSTINC0, 0 
0x08D8	0x0A30      	XORLW       48
0x08DA	0xE105      	BNZ         L_FloatToStr107
;__Lib_Conversions.c,601 :: 		
0x08DC	0x0E01      	MOVLW       1
0x08DE	0x5F97      	SUBWF       FARG_FloatToStr_str, 1, 1
0x08E0	0x0E00      	MOVLW       0
0x08E2	0x5B98      	SUBWFB      FARG_FloatToStr_str+1, 1, 1
0x08E4	0xD7F2      	BRA         L_FloatToStr106
L_FloatToStr107:
;__Lib_Conversions.c,602 :: 		
0x08E6	0x0EFF      	MOVLW       255
0x08E8	0x2597      	ADDWF       FARG_FloatToStr_str, 0, 1
0x08EA	0x6EE9      	MOVWF       FSR0L 
0x08EC	0x0EFF      	MOVLW       255
0x08EE	0x2198      	ADDWFC      FARG_FloatToStr_str+1, 0, 1
0x08F0	0x6EEA      	MOVWF       FSR0L+1 
0x08F2	0x50EE      	MOVF        POSTINC0, 0 
0x08F4	0x0A2E      	XORLW       46
0x08F6	0xE104      	BNZ         L_FloatToStr108
;__Lib_Conversions.c,603 :: 		
0x08F8	0x0E01      	MOVLW       1
0x08FA	0x5F97      	SUBWF       FARG_FloatToStr_str, 1, 1
0x08FC	0x0E00      	MOVLW       0
0x08FE	0x5B98      	SUBWFB      FARG_FloatToStr_str+1, 1, 1
L_FloatToStr108:
;__Lib_Conversions.c,604 :: 		
0x0900	0x51A0      	MOVF        FloatToStr_dexpon_L0, 0, 1
0x0902	0x0A00      	XORLW       0
0x0904	0xE041      	BZ          L_FloatToStr109
;__Lib_Conversions.c,605 :: 		
0x0906	0xFFE1C097  	MOVFF       FARG_FloatToStr_str, FSR1L
0x090A	0xFFE2C098  	MOVFF       FARG_FloatToStr_str+1, FSR1H
0x090E	0x0E65      	MOVLW       101
0x0910	0x6EE6      	MOVWF       POSTINC1 
0x0912	0x4B97      	INFSNZ      FARG_FloatToStr_str, 1, 1
0x0914	0x2B98      	INCF        FARG_FloatToStr_str+1, 1, 1
;__Lib_Conversions.c,606 :: 		
0x0916	0x0E80      	MOVLW       128
0x0918	0x19A0      	XORWF       FloatToStr_dexpon_L0, 0, 1
0x091A	0x6E00      	MOVWF       R0 
0x091C	0x0E80      	MOVLW       128
0x091E	0x0A00      	XORLW       0
0x0920	0x5C00      	SUBWF       R0, 0 
0x0922	0xE20B      	BC          L_FloatToStr110
;__Lib_Conversions.c,607 :: 		
0x0924	0xFFE1C097  	MOVFF       FARG_FloatToStr_str, FSR1L
0x0928	0xFFE2C098  	MOVFF       FARG_FloatToStr_str+1, FSR1H
0x092C	0x0E2D      	MOVLW       45
0x092E	0x6EE6      	MOVWF       POSTINC1 
0x0930	0x4B97      	INFSNZ      FARG_FloatToStr_str, 1, 1
0x0932	0x2B98      	INCF        FARG_FloatToStr_str+1, 1, 1
;__Lib_Conversions.c,608 :: 		
0x0934	0x51A0      	MOVF        FloatToStr_dexpon_L0, 0, 1
0x0936	0x0800      	SUBLW       0
0x0938	0x6FA0      	MOVWF       FloatToStr_dexpon_L0, 1
;__Lib_Conversions.c,609 :: 		
L_FloatToStr110:
;__Lib_Conversions.c,610 :: 		
0x093A	0xF09AC0A0  	MOVFF       FloatToStr_dexpon_L0, FloatToStr_d_L0
;__Lib_Conversions.c,611 :: 		
0x093E	0x0E80      	MOVLW       128
0x0940	0x0A09      	XORLW       9
0x0942	0x6E00      	MOVWF       R0 
0x0944	0x0E80      	MOVLW       128
0x0946	0x19A0      	XORWF       FloatToStr_dexpon_L0, 0, 1
0x0948	0x5C00      	SUBWF       R0, 0 
0x094A	0xE20E      	BC          L_FloatToStr111
;__Lib_Conversions.c,612 :: 		
0x094C	0x0E0A      	MOVLW       10
0x094E	0x6E04      	MOVWF       R4 
0x0950	0xF000C09A  	MOVFF       FloatToStr_d_L0, R0
0x0954	0xDCDE      	RCALL       _Div_8X8_S
0x0956	0xFFE1C097  	MOVFF       FARG_FloatToStr_str, FSR1L
0x095A	0xFFE2C098  	MOVFF       FARG_FloatToStr_str+1, FSR1H
0x095E	0x5000      	MOVF        R0, 0 
0x0960	0x0F30      	ADDLW       48
0x0962	0x6EE6      	MOVWF       POSTINC1 
0x0964	0x4B97      	INFSNZ      FARG_FloatToStr_str, 1, 1
0x0966	0x2B98      	INCF        FARG_FloatToStr_str+1, 1, 1
L_FloatToStr111:
;__Lib_Conversions.c,613 :: 		
0x0968	0x0E0A      	MOVLW       10
0x096A	0x6E04      	MOVWF       R4 
0x096C	0xF000C09A  	MOVFF       FloatToStr_d_L0, R0
0x0970	0xDCD0      	RCALL       _Div_8X8_S
0x0972	0xF000C008  	MOVFF       R8, R0
0x0976	0xFFE1C097  	MOVFF       FARG_FloatToStr_str, FSR1L
0x097A	0xFFE2C098  	MOVFF       FARG_FloatToStr_str+1, FSR1H
0x097E	0x5000      	MOVF        R0, 0 
0x0980	0x0F30      	ADDLW       48
0x0982	0x6EE6      	MOVWF       POSTINC1 
0x0984	0x4B97      	INFSNZ      FARG_FloatToStr_str, 1, 1
0x0986	0x2B98      	INCF        FARG_FloatToStr_str+1, 1, 1
;__Lib_Conversions.c,614 :: 		
L_FloatToStr109:
;__Lib_Conversions.c,615 :: 		
0x0988	0xFFE1C097  	MOVFF       FARG_FloatToStr_str, FSR1L
0x098C	0xFFE2C098  	MOVFF       FARG_FloatToStr_str+1, FSR1H
0x0990	0x6AE6      	CLRF        POSTINC1 
;__Lib_Conversions.c,616 :: 		
0x0992	0x6A00      	CLRF        R0 
;__Lib_Conversions.c,617 :: 		
L_end_FloatToStr:
0x0994	0x0012      	RETURN      0
; end of _FloatToStr
_UART1_Write_Text:
;__Lib_UART_c67.c,66 :: 		
;__Lib_UART_c67.c,67 :: 		
0x0996	0x0100      	MOVLB       0
0x0998	0x6B96      	CLRF        UART1_Write_Text_counter_L0, 1
;__Lib_UART_c67.c,69 :: 		
0x099A	0xFFE9C093  	MOVFF       FARG_UART1_Write_Text_uart_text, FSR0L
0x099E	0xFFEAC094  	MOVFF       FARG_UART1_Write_Text_uart_text+1, FSR0H
0x09A2	0xF095CFEE  	MOVFF       POSTINC0, UART1_Write_Text_data__L0
;__Lib_UART_c67.c,70 :: 		
L_UART1_Write_Text5:
0x09A6	0x5195      	MOVF        UART1_Write_Text_data__L0, 0, 1
0x09A8	0x0A00      	XORLW       0
0x09AA	0xE00E      	BZ          L_UART1_Write_Text6
;__Lib_UART_c67.c,71 :: 		
0x09AC	0xF0A1C095  	MOVFF       UART1_Write_Text_data__L0, FARG_UART1_Write_data_
0x09B0	0xDD09      	RCALL       _UART1_Write
;__Lib_UART_c67.c,72 :: 		
0x09B2	0x0100      	MOVLB       0
0x09B4	0x2B96      	INCF        UART1_Write_Text_counter_L0, 1, 1
;__Lib_UART_c67.c,73 :: 		
0x09B6	0x5196      	MOVF        UART1_Write_Text_counter_L0, 0, 1
0x09B8	0x2593      	ADDWF       FARG_UART1_Write_Text_uart_text, 0, 1
0x09BA	0x6EE9      	MOVWF       FSR0L 
0x09BC	0x0E00      	MOVLW       0
0x09BE	0x2194      	ADDWFC      FARG_UART1_Write_Text_uart_text+1, 0, 1
0x09C0	0x6EEA      	MOVWF       FSR0L+1 
0x09C2	0xF095CFEE  	MOVFF       POSTINC0, UART1_Write_Text_data__L0
;__Lib_UART_c67.c,74 :: 		
0x09C6	0xD7EF      	BRA         L_UART1_Write_Text5
L_UART1_Write_Text6:
;__Lib_UART_c67.c,75 :: 		
L_end_UART1_Write_Text:
0x09C8	0x0012      	RETURN      0
; end of _UART1_Write_Text
_strcat:
;__Lib_CString.c,87 :: 		
;__Lib_CString.c,90 :: 		
0x09CA	0xF004C093  	MOVFF       FARG_strcat_to, R4
0x09CE	0xF005C094  	MOVFF       FARG_strcat_to+1, R5
;__Lib_CString.c,91 :: 		
L_strcat22:
0x09D2	0xFFE9C004  	MOVFF       R4, FSR0L
0x09D6	0xFFEAC005  	MOVFF       R5, FSR0H
0x09DA	0x52EE      	MOVF        POSTINC0, 1 
0x09DC	0xE003      	BZ          L_strcat23
;__Lib_CString.c,92 :: 		
0x09DE	0x4A04      	INFSNZ      R4, 1 
0x09E0	0x2A05      	INCF        R5, 1 
0x09E2	0xD7F7      	BRA         L_strcat22
L_strcat23:
;__Lib_CString.c,93 :: 		
L_strcat24:
0x09E4	0xF002C004  	MOVFF       R4, R2
0x09E8	0xF003C005  	MOVFF       R5, R3
0x09EC	0x4A04      	INFSNZ      R4, 1 
0x09EE	0x2A05      	INCF        R5, 1 
0x09F0	0xF000C095  	MOVFF       FARG_strcat_from, R0
0x09F4	0xF001C096  	MOVFF       FARG_strcat_from+1, R1
0x09F8	0x0100      	MOVLB       0
0x09FA	0x4B95      	INFSNZ      FARG_strcat_from, 1, 1
0x09FC	0x2B96      	INCF        FARG_strcat_from+1, 1, 1
0x09FE	0xFFE9C000  	MOVFF       R0, FSR0L
0x0A02	0xFFEAC001  	MOVFF       R1, FSR0H
0x0A06	0xFFE1C002  	MOVFF       R2, FSR1L
0x0A0A	0xFFE2C003  	MOVFF       R3, FSR1H
0x0A0E	0xFFE6CFEE  	MOVFF       POSTINC0, POSTINC1
0x0A12	0xFFE9C002  	MOVFF       R2, FSR0L
0x0A16	0xFFEAC003  	MOVFF       R3, FSR0H
0x0A1A	0x52EE      	MOVF        POSTINC0, 1 
0x0A1C	0xE001      	BZ          L_strcat25
;__Lib_CString.c,94 :: 		
0x0A1E	0xD7E2      	BRA         L_strcat24
L_strcat25:
;__Lib_CString.c,95 :: 		
0x0A20	0xF000C093  	MOVFF       FARG_strcat_to, R0
0x0A24	0xF001C094  	MOVFF       FARG_strcat_to+1, R1
;__Lib_CString.c,96 :: 		
L_end_strcat:
0x0A28	0x0012      	RETURN      0
; end of _strcat
_Div_32x32_FP:
;__Lib_MathDouble.c,1325 :: 		
;__Lib_MathDouble.c,1339 :: 		
0x0A2A	0x5004      	MOVF        R4, 0 
0x0A2C	0x0A00      	XORLW       0
0x0A2E	0xE112      	BNZ         L_Div_32x32_FP11
;__Lib_MathDouble.c,1340 :: 		
0x0A30	0x5005      	MOVF        R5, 0 
0x0A32	0x0A00      	XORLW       0
0x0A34	0xE10F      	BNZ         L_Div_32x32_FP12
;__Lib_MathDouble.c,1341 :: 		
0x0A36	0x5006      	MOVF        R6, 0 
0x0A38	0x0A00      	XORLW       0
0x0A3A	0xE10C      	BNZ         L_Div_32x32_FP13
;__Lib_MathDouble.c,1342 :: 		
0x0A3C	0x5007      	MOVF        R7, 0 
0x0A3E	0x0A00      	XORLW       0
0x0A40	0xE109      	BNZ         L_Div_32x32_FP14
;__Lib_MathDouble.c,1343 :: 		
0x0A42	0x0EFF      	MOVLW       255
0x0A44	0x6E00      	MOVWF       R0 
;__Lib_MathDouble.c,1344 :: 		
0x0A46	0x0EFF      	MOVLW       255
0x0A48	0x6E01      	MOVWF       R1 
;__Lib_MathDouble.c,1345 :: 		
0x0A4A	0x0E7F      	MOVLW       127
0x0A4C	0x6E02      	MOVWF       R2 
;__Lib_MathDouble.c,1346 :: 		
0x0A4E	0x0EFF      	MOVLW       255
0x0A50	0x6E03      	MOVWF       R3 
;__Lib_MathDouble.c,1347 :: 		
0x0A52	0xD0A7      	BRA         L_end_Div_32x32_FP
;__Lib_MathDouble.c,1348 :: 		
L_Div_32x32_FP14:
L_Div_32x32_FP13:
L_Div_32x32_FP12:
L_Div_32x32_FP11:
;__Lib_MathDouble.c,1353 :: 		
0x0A54	0x6A08      	CLRF        R8, 0
;__Lib_MathDouble.c,1354 :: 		
0x0A56	0x6A09      	CLRF        R9, 0
;__Lib_MathDouble.c,1356 :: 		
0x0A58	0x5007      	MOVF        R7, 0, 0
;__Lib_MathDouble.c,1357 :: 		
0x0A5A	0xB4D8      	BTFSC       STATUS, 2, 0
;__Lib_MathDouble.c,1358 :: 		
0x0A5C	0xF005EFC0  	GOTO        JPDSETFDZ32
;__Lib_MathDouble.c,1360 :: 		
0x0A60	0x5003      	MOVF        R3, 0, 0
;__Lib_MathDouble.c,1361 :: 		
0x0A62	0xB4D8      	BTFSC       STATUS, 2, 0
;__Lib_MathDouble.c,1362 :: 		
0x0A64	0xF005EFC4  	GOTO        JPDRES032
;__Lib_MathDouble.c,1364 :: 		
0x0A68	0x5002      	MOVF        R2, 0, 0
;__Lib_MathDouble.c,1365 :: 		
0x0A6A	0x1806      	XORWF       R6, 0, 0
;__Lib_MathDouble.c,1366 :: 		
0x0A6C	0x6E0A      	MOVWF       R10, 0
;__Lib_MathDouble.c,1367 :: 		
0x0A6E	0x8E02      	BSF         R2, 7, 0
;__Lib_MathDouble.c,1368 :: 		
0x0A70	0x8E06      	BSF         R6, 7, 0
;__Lib_MathDouble.c,1370 :: 		
0x0A72	0x6A0E      	CLRF        R14, 0
;__Lib_MathDouble.c,1371 :: 		
0x0A74	0xF008C002  	MOVFF       R2, R8
;__Lib_MathDouble.c,1372 :: 		
0x0A78	0xF00CC001  	MOVFF       R1, R12
;__Lib_MathDouble.c,1373 :: 		
0x0A7C	0xF00DC000  	MOVFF       R0, R13
;__Lib_MathDouble.c,1375 :: 		
0x0A80	0x5004      	MOVF        R4, 0, 0
;__Lib_MathDouble.c,1376 :: 		
0x0A82	0x5E0D      	SUBWF       R13, 1, 0
;__Lib_MathDouble.c,1377 :: 		
0x0A84	0x5005      	MOVF        R5, 0, 0
;__Lib_MathDouble.c,1378 :: 		
0x0A86	0xA0D8      	BTFSS       STATUS, 0, 0
;__Lib_MathDouble.c,1379 :: 		
0x0A88	0x3C05      	INCFSZ      R5, 0, 0
;__Lib_MathDouble.c,1381 :: 		
0x0A8A	0x5E0C      	SUBWF       R12, 1, 0
;__Lib_MathDouble.c,1382 :: 		
0x0A8C	0x5006      	MOVF        R6, 0, 0
;__Lib_MathDouble.c,1383 :: 		
0x0A8E	0xA0D8      	BTFSS       STATUS, 0, 0
;__Lib_MathDouble.c,1384 :: 		
0x0A90	0x3C06      	INCFSZ      R6, 0, 0
;__Lib_MathDouble.c,1386 :: 		
0x0A92	0x5E08      	SUBWF       R8, 1, 0
;__Lib_MathDouble.c,1387 :: 		
0x0A94	0x6A08      	CLRF        R8, 0
;__Lib_MathDouble.c,1388 :: 		
0x0A96	0x6A0C      	CLRF        R12, 0
;__Lib_MathDouble.c,1389 :: 		
0x0A98	0x6A0D      	CLRF        R13, 0
;__Lib_MathDouble.c,1390 :: 		
0x0A9A	0xA0D8      	BTFSS       STATUS, 0, 0
;__Lib_MathDouble.c,1391 :: 		
0x0A9C	0xF005EF57  	GOTO        DALIGN32OK
;__Lib_MathDouble.c,1393 :: 		
0x0AA0	0x90D8      	BCF         STATUS, 0, 0
;__Lib_MathDouble.c,1394 :: 		
0x0AA2	0x3202      	RRCF        R2, 1, 0
;__Lib_MathDouble.c,1395 :: 		
0x0AA4	0x3201      	RRCF        R1, 1, 0
;__Lib_MathDouble.c,1396 :: 		
0x0AA6	0x3200      	RRCF        R0, 1, 0
;__Lib_MathDouble.c,1397 :: 		
0x0AA8	0x3208      	RRCF        R8, 1, 0
;__Lib_MathDouble.c,1398 :: 		
0x0AAA	0x0E01      	MOVLW       1
;__Lib_MathDouble.c,1399 :: 		
0x0AAC	0x6E0E      	MOVWF       R14, 0
;__Lib_MathDouble.c,1400 :: 		
DALIGN32OK:
;__Lib_MathDouble.c,1401 :: 		
0x0AAE	0x5007      	MOVF        R7, 0, 0
;__Lib_MathDouble.c,1402 :: 		
0x0AB0	0x5E03      	SUBWF       R3, 1, 0
;__Lib_MathDouble.c,1403 :: 		
0x0AB2	0xA0D8      	BTFSS       STATUS, 0, 0
;__Lib_MathDouble.c,1404 :: 		
0x0AB4	0xF005EF64  	GOTO        ALTB32
;__Lib_MathDouble.c,1406 :: 		
0x0AB8	0x0E7E      	MOVLW       126
;__Lib_MathDouble.c,1407 :: 		
0x0ABA	0x240E      	ADDWF       R14, 0, 0
;__Lib_MathDouble.c,1408 :: 		
0x0ABC	0x2603      	ADDWF       R3, 1, 0
;__Lib_MathDouble.c,1409 :: 		
0x0ABE	0xB0D8      	BTFSC       STATUS, 0, 0
;__Lib_MathDouble.c,1410 :: 		
0x0AC0	0xF005EFC9  	GOTO        JPDSETFOV32
;__Lib_MathDouble.c,1411 :: 		
0x0AC4	0xF005EF6A  	GOTO        DARGOK32
;__Lib_MathDouble.c,1412 :: 		
ALTB32:
;__Lib_MathDouble.c,1413 :: 		
0x0AC8	0x0E7E      	MOVLW       126
;__Lib_MathDouble.c,1414 :: 		
0x0ACA	0x240E      	ADDWF       R14, 0, 0
;__Lib_MathDouble.c,1415 :: 		
0x0ACC	0x2603      	ADDWF       R3, 1, 0
;__Lib_MathDouble.c,1416 :: 		
0x0ACE	0xA0D8      	BTFSS       STATUS, 0, 0
;__Lib_MathDouble.c,1417 :: 		
0x0AD0	0xF005EFCE  	GOTO        JPDSETFUN32
;__Lib_MathDouble.c,1418 :: 		
DARGOK32:
;__Lib_MathDouble.c,1419 :: 		
0x0AD4	0x0E18      	MOVLW       24
;__Lib_MathDouble.c,1420 :: 		
0x0AD6	0x6E0B      	MOVWF       R11, 0
;__Lib_MathDouble.c,1421 :: 		
DLOOP32:
;__Lib_MathDouble.c,1422 :: 		
0x0AD8	0x360D      	RLCF        R13, 1, 0
;__Lib_MathDouble.c,1423 :: 		
0x0ADA	0x360C      	RLCF        R12, 1, 0
;__Lib_MathDouble.c,1424 :: 		
0x0ADC	0x3608      	RLCF        R8, 1, 0
;__Lib_MathDouble.c,1425 :: 		
0x0ADE	0x3600      	RLCF        R0, 1, 0
;__Lib_MathDouble.c,1426 :: 		
0x0AE0	0x3601      	RLCF        R1, 1, 0
;__Lib_MathDouble.c,1427 :: 		
0x0AE2	0x3602      	RLCF        R2, 1, 0
;__Lib_MathDouble.c,1428 :: 		
0x0AE4	0x360E      	RLCF        R14, 1, 0
;__Lib_MathDouble.c,1430 :: 		
0x0AE6	0x5004      	MOVF        R4, 0, 0
;__Lib_MathDouble.c,1431 :: 		
0x0AE8	0x5E00      	SUBWF       R0, 1, 0
;__Lib_MathDouble.c,1432 :: 		
0x0AEA	0x5005      	MOVF        R5, 0, 0
;__Lib_MathDouble.c,1433 :: 		
0x0AEC	0xA0D8      	BTFSS       STATUS, 0, 0
;__Lib_MathDouble.c,1434 :: 		
0x0AEE	0x3C05      	INCFSZ      R5, 0, 0
;__Lib_MathDouble.c,1436 :: 		
0x0AF0	0x5E01      	SUBWF       R1, 1, 0
;__Lib_MathDouble.c,1437 :: 		
0x0AF2	0x5006      	MOVF        R6, 0, 0
;__Lib_MathDouble.c,1438 :: 		
0x0AF4	0xA0D8      	BTFSS       STATUS, 0, 0
;__Lib_MathDouble.c,1439 :: 		
0x0AF6	0x3C06      	INCFSZ      R6, 0, 0
;__Lib_MathDouble.c,1441 :: 		
0x0AF8	0x5E02      	SUBWF       R2, 1, 0
;__Lib_MathDouble.c,1442 :: 		
0x0AFA	0x3406      	RLCF        R6, 0, 0
;__Lib_MathDouble.c,1443 :: 		
0x0AFC	0x120E      	IORWF       R14, 1, 0
;__Lib_MathDouble.c,1444 :: 		
0x0AFE	0xA00E      	BTFSS       R14, 0, 0
;__Lib_MathDouble.c,1445 :: 		
0x0B00	0xF005EF85  	GOTO        DREST32
;__Lib_MathDouble.c,1446 :: 		
0x0B04	0x800D      	BSF         R13, 0, 0
;__Lib_MathDouble.c,1447 :: 		
0x0B06	0xF005EF90  	GOTO        DOK32
;__Lib_MathDouble.c,1448 :: 		
DREST32:
;__Lib_MathDouble.c,1449 :: 		
0x0B0A	0x5004      	MOVF        R4, 0, 0
;__Lib_MathDouble.c,1450 :: 		
0x0B0C	0x2600      	ADDWF       R0, 1, 0
;__Lib_MathDouble.c,1451 :: 		
0x0B0E	0x5005      	MOVF        R5, 0, 0
;__Lib_MathDouble.c,1452 :: 		
0x0B10	0xB0D8      	BTFSC       STATUS, 0, 0
;__Lib_MathDouble.c,1453 :: 		
0x0B12	0x3C05      	INCFSZ      R5, 0, 0
;__Lib_MathDouble.c,1455 :: 		
0x0B14	0x2601      	ADDWF       R1, 1, 0
;__Lib_MathDouble.c,1456 :: 		
0x0B16	0x5006      	MOVF        R6, 0, 0
;__Lib_MathDouble.c,1457 :: 		
0x0B18	0xB0D8      	BTFSC       STATUS, 0, 0
;__Lib_MathDouble.c,1458 :: 		
0x0B1A	0x2806      	INCF        R6, 0, 0
;__Lib_MathDouble.c,1459 :: 		
0x0B1C	0x2602      	ADDWF       R2, 1, 0
;__Lib_MathDouble.c,1460 :: 		
0x0B1E	0x900D      	BCF         R13, 0, 0
;__Lib_MathDouble.c,1461 :: 		
DOK32:
;__Lib_MathDouble.c,1462 :: 		
0x0B20	0x2E0B      	DECFSZ      R11, 1, 0
;__Lib_MathDouble.c,1463 :: 		
0x0B22	0xF005EF6C  	GOTO        DLOOP32
;__Lib_MathDouble.c,1467 :: 		
0x0B26	0xF005EFB6  	GOTO        DIV32OK
;__Lib_MathDouble.c,1468 :: 		
0x0B2A	0x90D8      	BCF         STATUS, 0, 0
;__Lib_MathDouble.c,1469 :: 		
0x0B2C	0x3600      	RLCF        R0, 1, 0
;__Lib_MathDouble.c,1470 :: 		
0x0B2E	0x3601      	RLCF        R1, 1, 0
;__Lib_MathDouble.c,1471 :: 		
0x0B30	0x3602      	RLCF        R2, 1, 0
;__Lib_MathDouble.c,1472 :: 		
0x0B32	0x360E      	RLCF        R14, 1, 0
;__Lib_MathDouble.c,1474 :: 		
0x0B34	0x5004      	MOVF        R4, 0, 0
;__Lib_MathDouble.c,1475 :: 		
0x0B36	0x5E00      	SUBWF       R0, 1, 0
;__Lib_MathDouble.c,1476 :: 		
0x0B38	0x5005      	MOVF        R5, 0, 0
;__Lib_MathDouble.c,1477 :: 		
0x0B3A	0xA0D8      	BTFSS       STATUS, 0, 0
;__Lib_MathDouble.c,1478 :: 		
0x0B3C	0x3C05      	INCFSZ      R5, 0, 0
;__Lib_MathDouble.c,1479 :: 		
0x0B3E	0x5E01      	SUBWF       R1, 1, 0
;__Lib_MathDouble.c,1480 :: 		
0x0B40	0x5006      	MOVF        R6, 0, 0
;__Lib_MathDouble.c,1481 :: 		
0x0B42	0xA0D8      	BTFSS       STATUS, 0, 0
;__Lib_MathDouble.c,1482 :: 		
0x0B44	0x3C06      	INCFSZ      R6, 0, 0
;__Lib_MathDouble.c,1483 :: 		
0x0B46	0x5E02      	SUBWF       R2, 1, 0
;__Lib_MathDouble.c,1484 :: 		
0x0B48	0x3406      	RLCF        R6, 0, 0
;__Lib_MathDouble.c,1485 :: 		
0x0B4A	0x100E      	IORWF       R14, 0, 0
;__Lib_MathDouble.c,1486 :: 		
0x0B4C	0x0B01      	ANDLW       1
;__Lib_MathDouble.c,1487 :: 		
0x0B4E	0x260D      	ADDWF       R13, 1, 0
;__Lib_MathDouble.c,1488 :: 		
0x0B50	0xB0D8      	BTFSC       STATUS, 0, 0
;__Lib_MathDouble.c,1489 :: 		
0x0B52	0x2A0C      	INCF        R12, 1, 0
;__Lib_MathDouble.c,1490 :: 		
0x0B54	0xB4D8      	BTFSC       STATUS, 2, 0
;__Lib_MathDouble.c,1491 :: 		
0x0B56	0x2A08      	INCF        R8, 1, 0
;__Lib_MathDouble.c,1492 :: 		
0x0B58	0xA4D8      	BTFSS       STATUS, 2, 0
;__Lib_MathDouble.c,1493 :: 		
0x0B5A	0xF005EFB6  	GOTO        DIV32OK
;__Lib_MathDouble.c,1494 :: 		
0x0B5E	0x3208      	RRCF        R8, 1, 0
;__Lib_MathDouble.c,1495 :: 		
0x0B60	0x320C      	RRCF        R12, 1, 0
;__Lib_MathDouble.c,1496 :: 		
0x0B62	0x320D      	RRCF        R13, 1, 0
;__Lib_MathDouble.c,1497 :: 		
0x0B64	0x2A03      	INCF        R3, 1, 0
;__Lib_MathDouble.c,1498 :: 		
0x0B66	0xB4D8      	BTFSC       STATUS, 2, 0
;__Lib_MathDouble.c,1499 :: 		
0x0B68	0xF005EFC9  	GOTO        JPDSETFOV32
;__Lib_MathDouble.c,1500 :: 		
DIV32OK:
;__Lib_MathDouble.c,1501 :: 		
0x0B6C	0xAE0A      	BTFSS       R10, 7, 0
;__Lib_MathDouble.c,1502 :: 		
0x0B6E	0x9E08      	BCF         R8, 7, 0
;__Lib_MathDouble.c,1503 :: 		
0x0B70	0x5008      	MOVF        R8, 0, 0
;__Lib_MathDouble.c,1504 :: 		
0x0B72	0x6E02      	MOVWF       R2, 0
;__Lib_MathDouble.c,1505 :: 		
0x0B74	0x500C      	MOVF        R12, 0, 0
;__Lib_MathDouble.c,1506 :: 		
0x0B76	0x6E01      	MOVWF       R1, 0
;__Lib_MathDouble.c,1507 :: 		
0x0B78	0x500D      	MOVF        R13, 0, 0
;__Lib_MathDouble.c,1508 :: 		
0x0B7A	0x6E00      	MOVWF       R0, 0
;__Lib_MathDouble.c,1511 :: 		
0x0B7C	0xF005EFD1  	GOTO        DIV32EEE
;__Lib_MathDouble.c,1512 :: 		
JPDSETFDZ32:
;__Lib_MathDouble.c,1513 :: 		
0x0B80	0x0E01      	MOVLW       1
;__Lib_MathDouble.c,1516 :: 		
0x0B82	0xDC1C      	RCALL       _SETFDZ32
;__Lib_MathDouble.c,1518 :: 		
0x0B84	0xF005EFD1  	GOTO        DIV32EEE
;__Lib_MathDouble.c,1519 :: 		
JPDRES032:
;__Lib_MathDouble.c,1520 :: 		
0x0B88	0x0E02      	MOVLW       2
;__Lib_MathDouble.c,1523 :: 		
0x0B8A	0xF000EC2B  	CALL        _RES032, 0
;__Lib_MathDouble.c,1525 :: 		
0x0B8E	0xF005EFD1  	GOTO        DIV32EEE
;__Lib_MathDouble.c,1526 :: 		
JPDSETFOV32:
;__Lib_MathDouble.c,1527 :: 		
0x0B92	0x0E04      	MOVLW       4
;__Lib_MathDouble.c,1530 :: 		
0x0B94	0xF000EC1F  	CALL        _SETFOV32, 0
;__Lib_MathDouble.c,1532 :: 		
0x0B98	0xF005EFD1  	GOTO        DIV32EEE
;__Lib_MathDouble.c,1533 :: 		
JPDSETFUN32:
;__Lib_MathDouble.c,1534 :: 		
0x0B9C	0x0E08      	MOVLW       8
;__Lib_MathDouble.c,1537 :: 		
0x0B9E	0xF000EC0E  	CALL        _SETFUN32, 0
;__Lib_MathDouble.c,1539 :: 		
DIV32EEE:
;__Lib_MathDouble.c,1547 :: 		
L_end_Div_32x32_FP:
0x0BA2	0x0012      	RETURN      0
; end of _Div_32x32_FP
_main:
0x0BA4	0xF006ECC2  	CALL        3460, 0
;cccccode.c,49 :: 		void main ()
;cccccode.c,51 :: 		TRISA = 0xff;
0x0BA8	0x0EFF      	MOVLW       255
0x0BAA	0x6E92      	MOVWF       TRISA 
;cccccode.c,52 :: 		TRISC = 0b10000000;
0x0BAC	0x0E80      	MOVLW       128
0x0BAE	0x6E94      	MOVWF       TRISC 
;cccccode.c,53 :: 		ADCON1 = 0x80;
0x0BB0	0x0E80      	MOVLW       128
0x0BB2	0x6EC1      	MOVWF       ADCON1 
;cccccode.c,54 :: 		Uart1_Init (9600);
0x0BB4	0x0E33      	MOVLW       51
0x0BB6	0x6EAF      	MOVWF       SPBRG 
0x0BB8	0x84AC      	BSF         TXSTA, 2, 0
0x0BBA	0xDC7E      	RCALL       _UART1_Init
;cccccode.c,61 :: 		TRISD.F1 = 0;
0x0BBC	0x9295      	BCF         TRISD, 1 
;cccccode.c,62 :: 		while(1)
L_main20:
;cccccode.c,64 :: 		Delay_ms(300);
0x0BBE	0x0E04      	MOVLW       4
0x0BC0	0x6E0B      	MOVWF       R11, 0
0x0BC2	0x0E0C      	MOVLW       12
0x0BC4	0x6E0C      	MOVWF       R12, 0
0x0BC6	0x0E33      	MOVLW       51
0x0BC8	0x6E0D      	MOVWF       R13, 0
L_main22:
0x0BCA	0x2E0D      	DECFSZ      R13, 1, 0
0x0BCC	0xD7FE      	BRA         L_main22
0x0BCE	0x2E0C      	DECFSZ      R12, 1, 0
0x0BD0	0xD7FC      	BRA         L_main22
0x0BD2	0x2E0B      	DECFSZ      R11, 1, 0
0x0BD4	0xD7FA      	BRA         L_main22
0x0BD6	0x0000      	NOP
0x0BD8	0x0000      	NOP
;cccccode.c,65 :: 		StartSignal();
0x0BDA	0xDC51      	RCALL       _StartSignal
;cccccode.c,66 :: 		CheckResponse();
0x0BDC	0xDC03      	RCALL       _CheckResponse
;cccccode.c,67 :: 		if(Check == 1)
0x0BDE	0x506B      	MOVF        _Check, 0 
0x0BE0	0x0A01      	XORLW       1
0x0BE2	0xA4D8      	BTFSS       STATUS, 2 
0x0BE4	0xD0B2      	BRA         L_main23
;cccccode.c,69 :: 		RH_byte1 = ReadData();
0x0BE6	0xDC14      	RCALL       _ReadData
0x0BE8	0xF06AC000  	MOVFF       R0, _RH_byte1
;cccccode.c,70 :: 		RH_byte2 = ReadData();
0x0BEC	0xDC11      	RCALL       _ReadData
0x0BEE	0xF06CC000  	MOVFF       R0, _RH_byte2
;cccccode.c,71 :: 		T_byte1 = ReadData();
0x0BF2	0xDC0E      	RCALL       _ReadData
0x0BF4	0xF06EC000  	MOVFF       R0, _T_byte1
;cccccode.c,72 :: 		T_byte2 = ReadData();
0x0BF8	0xDC0B      	RCALL       _ReadData
0x0BFA	0xF06DC000  	MOVFF       R0, _T_byte2
;cccccode.c,73 :: 		Sum = ReadData();
0x0BFE	0xDC08      	RCALL       _ReadData
0x0C00	0xF068C000  	MOVFF       R0, _Sum
0x0C04	0x0E00      	MOVLW       0
0x0C06	0x6E69      	MOVWF       _Sum+1 
;cccccode.c,74 :: 		if(Sum == ((RH_byte1+RH_byte2+T_byte1+T_byte2) & 0XFF))
0x0C08	0x506C      	MOVF        _RH_byte2, 0 
0x0C0A	0x246A      	ADDWF       _RH_byte1, 0 
0x0C0C	0x6E00      	MOVWF       R0 
0x0C0E	0x6A01      	CLRF        R1 
0x0C10	0x0E00      	MOVLW       0
0x0C12	0x2201      	ADDWFC      R1, 1 
0x0C14	0x506E      	MOVF        _T_byte1, 0 
0x0C16	0x2600      	ADDWF       R0, 1 
0x0C18	0x0E00      	MOVLW       0
0x0C1A	0x2201      	ADDWFC      R1, 1 
0x0C1C	0x506D      	MOVF        _T_byte2, 0 
0x0C1E	0x2600      	ADDWF       R0, 1 
0x0C20	0x0E00      	MOVLW       0
0x0C22	0x2201      	ADDWFC      R1, 1 
0x0C24	0x0EFF      	MOVLW       255
0x0C26	0x1400      	ANDWF       R0, 0 
0x0C28	0x6E02      	MOVWF       R2 
0x0C2A	0xF003C001  	MOVFF       R1, R3
0x0C2E	0x0E00      	MOVLW       0
0x0C30	0x1603      	ANDWF       R3, 1 
0x0C32	0x5069      	MOVF        _Sum+1, 0 
0x0C34	0x1803      	XORWF       R3, 0 
0x0C36	0xE102      	BNZ         L__main36
0x0C38	0x5002      	MOVF        R2, 0 
0x0C3A	0x1868      	XORWF       _Sum, 0 
L__main36:
0x0C3C	0xA4D8      	BTFSS       STATUS, 2 
0x0C3E	0xD085      	BRA         L_main24
;cccccode.c,77 :: 		RH = RH_byte1;
0x0C40	0xF05EC06A  	MOVFF       _RH_byte1, _RH
0x0C44	0x0E00      	MOVLW       0
0x0C46	0x6E5F      	MOVWF       _RH+1 
;cccccode.c,79 :: 		floatToStr (RH, txt3);
0x0C48	0xF000C05E  	MOVFF       _RH, R0
0x0C4C	0xF001C05F  	MOVFF       _RH+1, R1
0x0C50	0xDC5F      	RCALL       _word2double
0x0C52	0xF093C000  	MOVFF       R0, FARG_FloatToStr_fnum
0x0C56	0xF094C001  	MOVFF       R1, FARG_FloatToStr_fnum+1
0x0C5A	0xF095C002  	MOVFF       R2, FARG_FloatToStr_fnum+2
0x0C5E	0xF096C003  	MOVFF       R3, FARG_FloatToStr_fnum+3
0x0C62	0x0E4A      	MOVLW       _txt3
0x0C64	0x0100      	MOVLB       0
0x0C66	0x6F97      	MOVWF       FARG_FloatToStr_str, 1
0x0C68	0x0E00      	MOVLW       hi_addr(_txt3)
0x0C6A	0x6F98      	MOVWF       FARG_FloatToStr_str+1, 1
0x0C6C	0xDC87      	RCALL       _FloatToStr
;cccccode.c,85 :: 		strcat(txt3, " %");
0x0C6E	0x0E4A      	MOVLW       _txt3
0x0C70	0x6F93      	MOVWF       FARG_strcat_to, 1
0x0C72	0x0E00      	MOVLW       hi_addr(_txt3)
0x0C74	0x6F94      	MOVWF       FARG_strcat_to+1, 1
0x0C76	0x0E15      	MOVLW       ?lstr1_cccccode
0x0C78	0x6F95      	MOVWF       FARG_strcat_from, 1
0x0C7A	0x0E00      	MOVLW       hi_addr(?lstr1_cccccode)
0x0C7C	0x6F96      	MOVWF       FARG_strcat_from+1, 1
0x0C7E	0xDEA5      	RCALL       _strcat
;cccccode.c,86 :: 		Uart1_write_text (txt3);
0x0C80	0x0E4A      	MOVLW       _txt3
0x0C82	0x6F93      	MOVWF       FARG_UART1_Write_Text_uart_text, 1
0x0C84	0x0E00      	MOVLW       hi_addr(_txt3)
0x0C86	0x6F94      	MOVWF       FARG_UART1_Write_Text_uart_text+1, 1
0x0C88	0xDE86      	RCALL       _UART1_Write_Text
;cccccode.c,87 :: 		newline();
0x0C8A	0xF001ECE9  	CALL        _newline, 0
;cccccode.c,96 :: 		Temp_in = adc_read(0);
0x0C8E	0x0100      	MOVLB       0
0x0C90	0x6B93      	CLRF        FARG_ADC_Read_channel, 1
0x0C92	0xDC52      	RCALL       _ADC_Read
0x0C94	0xDC3D      	RCALL       _word2double
0x0C96	0xF064C000  	MOVFF       R0, _Temp_in
0x0C9A	0xF065C001  	MOVFF       R1, _Temp_in+1
0x0C9E	0xF066C002  	MOVFF       R2, _Temp_in+2
0x0CA2	0xF067C003  	MOVFF       R3, _Temp_in+3
;cccccode.c,97 :: 		Dis_temp = (Temp_in * 500.0)/ 1023.0;
0x0CA6	0x0E00      	MOVLW       0
0x0CA8	0x6E04      	MOVWF       R4 
0x0CAA	0x0E00      	MOVLW       0
0x0CAC	0x6E05      	MOVWF       R5 
0x0CAE	0x0E7A      	MOVLW       122
0x0CB0	0x6E06      	MOVWF       R6 
0x0CB2	0x0E87      	MOVLW       135
0x0CB4	0x6E07      	MOVWF       R7 
0x0CB6	0xF000EC32  	CALL        _Mul_32x32_FP, 0
0x0CBA	0x0E00      	MOVLW       0
0x0CBC	0x6E04      	MOVWF       R4 
0x0CBE	0x0EC0      	MOVLW       192
0x0CC0	0x6E05      	MOVWF       R5 
0x0CC2	0x0E7F      	MOVLW       127
0x0CC4	0x6E06      	MOVWF       R6 
0x0CC6	0x0E88      	MOVLW       136
0x0CC8	0x6E07      	MOVWF       R7 
0x0CCA	0xDEAF      	RCALL       _Div_32x32_FP
0x0CCC	0xF060C000  	MOVFF       R0, _Dis_temp
0x0CD0	0xF061C001  	MOVFF       R1, _Dis_temp+1
0x0CD4	0xF062C002  	MOVFF       R2, _Dis_temp+2
0x0CD8	0xF063C003  	MOVFF       R3, _Dis_temp+3
;cccccode.c,98 :: 		floatToStr (Dis_temp, txt);
0x0CDC	0xF093C000  	MOVFF       R0, FARG_FloatToStr_fnum
0x0CE0	0xF094C001  	MOVFF       R1, FARG_FloatToStr_fnum+1
0x0CE4	0xF095C002  	MOVFF       R2, FARG_FloatToStr_fnum+2
0x0CE8	0xF096C003  	MOVFF       R3, FARG_FloatToStr_fnum+3
0x0CEC	0x0E6F      	MOVLW       _txt
0x0CEE	0x0100      	MOVLB       0
0x0CF0	0x6F97      	MOVWF       FARG_FloatToStr_str, 1
0x0CF2	0x0E00      	MOVLW       hi_addr(_txt)
0x0CF4	0x6F98      	MOVWF       FARG_FloatToStr_str+1, 1
0x0CF6	0xDC42      	RCALL       _FloatToStr
;cccccode.c,100 :: 		strcat(txt, " C");
0x0CF8	0x0E6F      	MOVLW       _txt
0x0CFA	0x6F93      	MOVWF       FARG_strcat_to, 1
0x0CFC	0x0E00      	MOVLW       hi_addr(_txt)
0x0CFE	0x6F94      	MOVWF       FARG_strcat_to+1, 1
0x0D00	0x0E2E      	MOVLW       ?lstr2_cccccode
0x0D02	0x6F95      	MOVWF       FARG_strcat_from, 1
0x0D04	0x0E00      	MOVLW       hi_addr(?lstr2_cccccode)
0x0D06	0x6F96      	MOVWF       FARG_strcat_from+1, 1
0x0D08	0xDE60      	RCALL       _strcat
;cccccode.c,101 :: 		Uart1_write_text (txt);
0x0D0A	0x0E6F      	MOVLW       _txt
0x0D0C	0x6F93      	MOVWF       FARG_UART1_Write_Text_uart_text, 1
0x0D0E	0x0E00      	MOVLW       hi_addr(_txt)
0x0D10	0x6F94      	MOVWF       FARG_UART1_Write_Text_uart_text+1, 1
0x0D12	0xDE41      	RCALL       _UART1_Write_Text
;cccccode.c,103 :: 		newline();
0x0D14	0xF001ECE9  	CALL        _newline, 0
;cccccode.c,106 :: 		PORTB.F1=0;  // initially declare it as zero
0x0D18	0x9281      	BCF         PORTB, 1 
;cccccode.c,107 :: 		TRISB.F1=1; // PIN NUMBER 1 IS DECLARED AS A INPUT
0x0D1A	0x8293      	BSF         TRISB, 1 
;cccccode.c,108 :: 		PORTD.F1=0;  // initially declare it as zero
0x0D1C	0x9283      	BCF         PORTD, 1 
;cccccode.c,109 :: 		TRISD.F1=0; // PIN NUMBER 1 IS DECLARED AS A OUTPUT
0x0D1E	0x9295      	BCF         TRISD, 1 
;cccccode.c,112 :: 		if( PORTB.F1==1)
0x0D20	0xA281      	BTFSS       PORTB, 1 
0x0D22	0xD00A      	BRA         L_main25
;cccccode.c,114 :: 		PORTD.F1=1;
0x0D24	0x8283      	BSF         PORTD, 1 
;cccccode.c,115 :: 		Uart1_write_Text("Motion Detected" );
0x0D26	0x0E1E      	MOVLW       ?lstr3_cccccode
0x0D28	0x0100      	MOVLB       0
0x0D2A	0x6F93      	MOVWF       FARG_UART1_Write_Text_uart_text, 1
0x0D2C	0x0E00      	MOVLW       hi_addr(?lstr3_cccccode)
0x0D2E	0x6F94      	MOVWF       FARG_UART1_Write_Text_uart_text+1, 1
0x0D30	0xDE32      	RCALL       _UART1_Write_Text
;cccccode.c,117 :: 		newline();
0x0D32	0xF001ECE9  	CALL        _newline, 0
;cccccode.c,119 :: 		}
0x0D36	0xD009      	BRA         L_main26
L_main25:
;cccccode.c,122 :: 		PORTD.F1=0;
0x0D38	0x9283      	BCF         PORTD, 1 
;cccccode.c,123 :: 		Uart1_write_Text("Motion not Detected" );
0x0D3A	0x0E31      	MOVLW       ?lstr4_cccccode
0x0D3C	0x0100      	MOVLB       0
0x0D3E	0x6F93      	MOVWF       FARG_UART1_Write_Text_uart_text, 1
0x0D40	0x0E00      	MOVLW       hi_addr(?lstr4_cccccode)
0x0D42	0x6F94      	MOVWF       FARG_UART1_Write_Text_uart_text+1, 1
0x0D44	0xDE28      	RCALL       _UART1_Write_Text
;cccccode.c,125 :: 		newline();
0x0D46	0xF001ECE9  	CALL        _newline, 0
;cccccode.c,127 :: 		}
L_main26:
;cccccode.c,129 :: 		}
L_main24:
;cccccode.c,130 :: 		}
L_main23:
;cccccode.c,131 :: 		}
0x0D4A	0xD739      	BRA         L_main20
;cccccode.c,133 :: 		}
L_end_main:
0x0D4C	0xD7FF      	BRA         $+0
; end of _main
0x0D84	0xF015EE10  	LFSR        1, 21
0x0D88	0x0E35      	MOVLW       53
0x0D8A	0x6E00      	MOVWF       R0 
0x0D8C	0x0E01      	MOVLW       1
0x0D8E	0x6E01      	MOVWF       R1 
0x0D90	0x0E4E      	MOVLW       78
0x0D92	0x6EF6      	MOVWF       TBLPTR 
0x0D94	0x0E0D      	MOVLW       13
0x0D96	0x6EF7      	MOVWF       TBLPTRH 
0x0D98	0x0E00      	MOVLW       0
0x0D9A	0x6EF8      	MOVWF       TBLPTRU 
0x0D9C	0xF002EC54  	CALL        1192, 0
0x0DA0	0x0012      	RETURN      0
;cccccode.c,0 :: ?ICS?lstr1_cccccode
0x0D4E	0x2520 ;?ICS?lstr1_cccccode+0
0x0D50	0x00 ;?ICS?lstr1_cccccode+2
; end of ?ICS?lstr1_cccccode
;__Lib_Conversions.c,0 :: ?ICS?lstr3___Lib_Conversions
0x0D51	0x4E49 ;?ICS?lstr3___Lib_Conversions+0
0x0D53	0x0046 ;?ICS?lstr3___Lib_Conversions+2
; end of ?ICS?lstr3___Lib_Conversions
;__Lib_Conversions.c,0 :: ?ICS?lstr2___Lib_Conversions
0x0D55	0x0030 ;?ICS?lstr2___Lib_Conversions+0
; end of ?ICS?lstr2___Lib_Conversions
;cccccode.c,0 :: ?ICS?lstr3_cccccode
0x0D57	0x6F4D ;?ICS?lstr3_cccccode+0
0x0D59	0x6974 ;?ICS?lstr3_cccccode+2
0x0D5B	0x6E6F ;?ICS?lstr3_cccccode+4
0x0D5D	0x4420 ;?ICS?lstr3_cccccode+6
0x0D5F	0x7465 ;?ICS?lstr3_cccccode+8
0x0D61	0x6365 ;?ICS?lstr3_cccccode+10
0x0D63	0x6574 ;?ICS?lstr3_cccccode+12
0x0D65	0x0064 ;?ICS?lstr3_cccccode+14
; end of ?ICS?lstr3_cccccode
;cccccode.c,0 :: ?ICS?lstr2_cccccode
0x0D67	0x4320 ;?ICS?lstr2_cccccode+0
0x0D69	0x00 ;?ICS?lstr2_cccccode+2
; end of ?ICS?lstr2_cccccode
;cccccode.c,0 :: ?ICS?lstr4_cccccode
0x0D6A	0x6F4D ;?ICS?lstr4_cccccode+0
0x0D6C	0x6974 ;?ICS?lstr4_cccccode+2
0x0D6E	0x6E6F ;?ICS?lstr4_cccccode+4
0x0D70	0x6E20 ;?ICS?lstr4_cccccode+6
0x0D72	0x746F ;?ICS?lstr4_cccccode+8
0x0D74	0x4420 ;?ICS?lstr4_cccccode+10
0x0D76	0x7465 ;?ICS?lstr4_cccccode+12
0x0D78	0x6365 ;?ICS?lstr4_cccccode+14
0x0D7A	0x6574 ;?ICS?lstr4_cccccode+16
0x0D7C	0x0064 ;?ICS?lstr4_cccccode+18
; end of ?ICS?lstr4_cccccode
;__Lib_Conversions.c,0 :: ?ICS?lstr1___Lib_Conversions
0x0D7E	0x614E ;?ICS?lstr1___Lib_Conversions+0
0x0D80	0x004E ;?ICS?lstr1___Lib_Conversions+2
; end of ?ICS?lstr1___Lib_Conversions
;__Lib_ADC_A_C.c,0 :: ?ICS_vref_mask
0x0D82	0x0F ;?ICS_vref_mask+0
; end of ?ICS_vref_mask
Symbol List:
//** Routines locations **
//ADDRESS    SIZE    PROCEDURE
//----------------------------------------------
0x001C      [26]    _SETFUN32
0x0036       [8]    _FIXSIGN32
0x003E      [24]    _SETFOV32
0x0056      [14]    _RES032
0x0064     [288]    _Mul_32x32_FP
0x0184     [206]    _Compare_Double
0x0252     [114]    _NRM3232
0x02C4      [78]    _strcpy
0x0312     [158]    _Div_8X8_S
0x03B0      [12]    _Delay_22us
0x03BC       [8]    _SETFDZ32
0x03C4      [14]    _UART1_Write
0x03D2      [18]    _newline
0x03E4      [44]    _CheckResponse
0x0410     [110]    _ReadData
0x047E      [42]    _StartSignal
0x04A8      [16]    ___CC2DW
0x04B8      [88]    _UART1_Init
0x0510      [40]    _word2double
0x0538      [68]    _ADC_Read
0x057C    [1050]    _FloatToStr
0x0996      [52]    _UART1_Write_Text
0x09CA      [96]    _strcat
0x0A2A     [378]    _Div_32x32_FP
0x0BA4     [426]    _main
//** Variables locations ** 
//ADDRESS    SIZE    VARIABLE
//----------------------------------------------
0x0000       [1]    R0
0x0000       [1]    UART1_Init_tmp_L0
0x0001       [1]    UART1_Read___tmp_UART1_Read_L0
0x0001       [1]    __Lib_Conversions_Adjust_Hex_tmp_L0
0x0001       [1]    R1
0x0002       [2]    memset_pp_L0
0x0002       [2]    memcpy_dd_L0
0x0002       [2]    memchr_s_L0
0x0002       [2]    strlen_cp_L0
0x0002       [1]    R2
0x0002       [1]    ReadData_i_L0
0x0003       [1]    R3
0x0003       [2]    Ltrim_original_L0
0x0003       [2]    memmove_tt_L0
0x0003       [1]    ReadData_j_L0
0x0004       [1]    R4
0x0004       [2]    strcat_cp_L0
0x0004       [2]    strcpy_cp_L0
0x0004       [2]    memcpy_ss_L0
0x0004       [2]    strncpy_cp_L0
0x0004       [2]    strncat_cp_L0
0x0005       [1]    R5
0x0005       [2]    Ltrim_p_L0
0x0005       [2]    LongIntToHex_input_half_L0
0x0005       [2]    LongWordToHex_input_half_L0
0x0005       [2]    memmove_ff_L0
0x0006       [1]    R6
0x0007       [1]    R7
0x0008       [1]    R8
0x0009       [1]    R9
0x000A       [1]    R10
0x000B       [1]    R11
0x000C       [1]    R12
0x000D       [1]    R13
0x000E       [1]    R14
0x000F       [1]    R15
0x0010       [1]    R16
0x0011       [1]    R17
0x0012       [1]    R18
0x0013       [1]    R19
0x0014       [1]    R20
0x0015       [3]    ?lstr1_cccccode
0x0018       [4]    ?lstr3___Lib_Conversions
0x001C       [2]    ?lstr2___Lib_Conversions
0x001E      [16]    ?lstr3_cccccode
0x002E       [3]    ?lstr2_cccccode
0x0031      [20]    ?lstr4_cccccode
0x0045       [4]    ?lstr1___Lib_Conversions
0x0049       [1]    _vref_mask
0x004A      [20]    _txt3
0x005E       [2]    _RH
0x0060       [4]    _Dis_temp
0x0064       [4]    _Temp_in
0x0068       [2]    _Sum
0x006A       [1]    _RH_byte1
0x006B       [1]    _Check
0x006C       [1]    _RH_byte2
0x006D       [1]    _T_byte2
0x006E       [1]    _T_byte1
0x006F      [20]    _txt
0x0083       [4]    _UART_Wr_Ptr
0x0087       [4]    _UART_Rd_Ptr
0x008B       [4]    _UART_Tx_Idle_Ptr
0x008F       [4]    _UART_Rdy_Ptr
0x0093       [4]    FARG_FloatToStr_fnum
0x0093       [1]    FARG_ADC_Read_channel
0x0093       [2]    FARG_strcat_to
0x0093       [2]    FARG_UART1_Write_Text_uart_text
0x0095       [2]    FARG_strcat_from
0x0095       [1]    UART1_Write_Text_data__L0
0x0096       [1]    UART1_Write_Text_counter_L0
0x0097       [2]    FARG_FloatToStr_str
0x0099       [1]    FloatToStr_i_L0
0x009A       [1]    FloatToStr_d_L0
0x009B       [4]    FloatToStr_un_L0
0x009F       [1]    FloatToStr_bpoint_L0
0x00A0       [1]    FloatToStr_dexpon_L0
0x00A1       [1]    FARG_UART1_Write_data_
0x00A1       [2]    FARG_strcpy_to
0x00A3       [2]    FARG_strcpy_from
0x0F81       [1]    PORTB
0x0F83       [1]    PORTD
0x0F92       [1]    TRISA
0x0F93       [1]    TRISB
0x0F94       [1]    TRISC
0x0F94       [0]    TRISC7_bit
0x0F94       [0]    TRISC6_bit
0x0F95       [1]    TRISD
0x0F9E       [1]    PIR1
0x0FAB       [1]    RCSTA
0x0FAC       [1]    TXSTA
0x0FAD       [1]    TXREG
0x0FAE       [1]    RCREG
0x0FAF       [1]    SPBRG
0x0FC1       [1]    ADCON1
0x0FC2       [1]    ADCON0
0x0FC3       [1]    ADRESL
0x0FC4       [1]    ADRESH
0x0FD8       [1]    STATUS
0x0FD9       [1]    FSR2L
0x0FDA       [1]    FSR2H
0x0FDE       [1]    POSTINC2
0x0FE0       [1]    BSR
0x0FE1       [1]    FSR1L
0x0FE2       [1]    FSR1H
0x0FE4       [1]    PREINC1
0x0FE6       [1]    POSTINC1
0x0FE7       [1]    INDF1
0x0FE8       [1]    WREG
0x0FE9       [1]    FSR0L
0x0FEA       [1]    FSR0H
0x0FEE       [1]    POSTINC0
0x0FF3       [1]    PRODL
0x0FF4       [1]    PRODH
0x0FF5       [1]    TABLAT
0x0FF6       [3]    TBLPTR
0x0FF6       [1]    TBLPTRL
0x0FF7       [1]    TBLPTRH
0x0FF8       [1]    TBLPTRU
//** Constants locations ** 
//ADDRESS    SIZE    CONSTANT
//----------------------------------------------
0x0D4E       [3]    ?ICS?lstr1_cccccode
0x0D51       [4]    ?ICS?lstr3___Lib_Conversions
0x0D55       [2]    ?ICS?lstr2___Lib_Conversions
0x0D57      [16]    ?ICS?lstr3_cccccode
0x0D67       [3]    ?ICS?lstr2_cccccode
0x0D6A      [20]    ?ICS?lstr4_cccccode
0x0D7E       [4]    ?ICS?lstr1___Lib_Conversions
0x0D82       [1]    ?ICS_vref_mask
